julia --project=. --color=yes -- ../../src/jai/forthip3/miniWeather_accel.jl -s 100.0 -x 100 -z 50 -f 100.0 -d 1 -o /lustre/orion/cli115/proj-shared/grnydawn/jaiwork/output.nc -w /lustre/orion/cli115/proj-shared/grnydawn/jaiwork -b /lustre/orion/cli115/proj-shared/grnydawn/jaiwork
nx_glob, nz_glob: 100 50
dx, dz: 200.0 200.0
dt: 0.6666666666666666
SSSSSSSSS812.704532109309
XXXXXXX812.704532109309
XXXXXXX816.0144323330871
XXXXXXX837.9281008988605
XXXXXXX907.8753675395018
XXXXXXX1047.197538894007
XXXXXXX1261.2368033900625
XXXXXXX1539.9303757627197
XXXXXXX1864.0204998430381
XXXXXXX2207.8337335937927
XXXXXXX2543.4262143684077
XXXXXXX2847.6237596674114
XXXXXXX3105.668608702372
XXXXXXX3310.35621408318
XXXXXXX3461.0056917311963
XXXXXXX3562.988318327709
XXXXXXX3626.1543388978316
[10.7% of 100.0]
XXXXXXX3662.555316024738
XXXXXXX3683.7526207378774
XXXXXXX3697.3741852034896
XXXXXXX3705.176810969588
XXXXXXX3705.423710538329
XXXXXXX3697.523098544434
XXXXXXX3683.8790617071504
XXXXXXX3667.9340611390303
XXXXXXX3652.012908293824
XXXXXXX3637.2846273973946
XXXXXXX3624.3230688190924
XXXXXXX3612.338531318008
XXXXXXX3597.7007005635114
XXXXXXX3573.6625729881316
XXXXXXX3531.9154620079735
[20.7% of 100.0]
XXXXXXX3464.8306128611766
XXXXXXX3366.823372773025
XXXXXXX3234.337810208286
XXXXXXX3065.615364776023
XXXXXXX2862.166901884964
XXXXXXX2632.328331993602
XXXXXXX2394.1225940129466
XXXXXXX2173.0705754666387
XXXXXXX1993.4066070917693
XXXXXXX1866.995417417334
XXXXXXX1787.4948329442414
XXXXXXX1733.876498456814
XXXXXXX1680.4814993285906
XXXXXXX1607.0699798118342
XXXXXXX1504.0288608932033
[30.7% of 100.0]
XXXXXXX1372.1356175014357
XXXXXXX1219.147803907852
XXXXXXX1055.5524444933012
XXXXXXX890.7871920323349
XXXXXXX730.6025857628781
XXXXXXX575.7473921733713
XXXXXXX421.88152185792455
XXXXXXX260.72500502228786
XXXXXXX82.31035279125085
XXXXXXX-122.43548813645552
XXXXXXX-359.7814246209611
XXXXXXX-631.9329268959202
XXXXXXX-935.1912816835855
XXXXXXX-1257.2836857276545
XXXXXXX-1576.4051214062733
[40.7% of 100.0]
XXXXXXX-1865.0392600660984
XXXXXXX-2098.217511340364
XXXXXXX-2261.8587402358903
XXXXXXX-2356.3693228165534
XXXXXXX-2394.321272386514
XXXXXXX-2394.7204545550785
XXXXXXX-2377.064077323032
XXXXXXX-2357.240922661363
XXXXXXX-2345.9183441342866
XXXXXXX-2348.754764324748
XXXXXXX-2367.211699458379
XXXXXXX-2399.353502713748
XXXXXXX-2440.9934778973297
XXXXXXX-2487.3265068717747
XXXXXXX-2533.935919540883
[50.7% of 100.0]
XXXXXXX-2575.918843615027
XXXXXXX-2605.395416709565
XXXXXXX-2609.141347112868
XXXXXXX-2568.4727201547053
XXXXXXX-2462.889894589481
XXXXXXX-2277.1259116925744
XXXXXXX-2008.4226366649145
XXXXXXX-1669.402835832393
XXXXXXX-1284.3581055575953
XXXXXXX-881.6791386111914
XXXXXXX-487.4577934555671
XXXXXXX-122.8088693480362
XXXXXXX196.24302055589797
XXXXXXX458.54857675672855
XXXXXXX658.3370850092829
[60.7% of 100.0]
XXXXXXX796.1725695065873
XXXXXXX879.5300485611889
XXXXXXX922.2982917611725
XXXXXXX943.2617966219563
XXXXXXX964.2989879733719
XXXXXXX1008.5303405288921
XXXXXXX1097.2958443446742
XXXXXXX1245.1323862008085
XXXXXXX1454.7577079913283
XXXXXXX1715.9130841631895
XXXXXXX2009.493443917537
XXXXXXX2314.108948513861
XXXXXXX2611.0507950165825
XXXXXXX2886.324163358743
XXXXXXX3131.065811748331
[70.7% of 100.0]
XXXXXXX3341.5186513731383
XXXXXXX3518.2970742406833
XXXXXXX3664.362196108729
XXXXXXX3782.171383444513
XXXXXXX3871.8707984897696
XXXXXXX3932.351673103613
XXXXXXX3964.2459263591873
XXXXXXX3971.545369560095
XXXXXXX3960.3045194329225
XXXXXXX3936.292168271773
XXXXXXX3903.8120449465537
XXXXXXX3865.829895899527
XXXXXXX3824.3539709666757
XXXXXXX3780.55754734811
XXXXXXX3734.9486721155777
[80.7% of 100.0]
XXXXXXX3687.8912867181193
XXXXXXX3640.2405832659065
XXXXXXX3593.4847723501643
XXXXXXX3548.9106789318744
XXXXXXX3505.9122332511092
XXXXXXX3460.2814555634077
XXXXXXX3403.566923630233
XXXXXXX3324.124137534915
XXXXXXX3209.7044601875996
XXXXXXX3050.8111962974554
XXXXXXX2843.7501934151305
XXXXXXX2592.3175700177544
XXXXXXX2307.393596700826
XXXXXXX2004.3665139584284
XXXXXXX1699.2483805831898
[90.7% of 100.0]
XXXXXXX1405.1253097495548
XXXXXXX1130.5118302047988
XXXXXXX880.0801412830896
XXXXXXX656.7725206456183
XXXXXXX463.5143159352173
XXXXXXX303.22894235480913
XXXXXXX177.1715668838358
XXXXXXX82.64746942733598
XXXXXXX11.329415080505944
XXXXXXX-51.048052779077324
XXXXXXX-123.23580939817687
XXXXXXX-225.1875638859046
XXXXXXX-373.43775362655936
XXXXXXX-576.4029140155272
CPU Time: 17.450758626
d_mass: 1.953258324868282e-16
d_te  : -5.299867273173477e-04
[0m[1m ─────────────────────────────────────────────────────────────────────[22m
[0m[1m                    [22m         Time                    Allocations      
                    ───────────────────────   ────────────────────────
  Tot / % measured:      32.3s /  52.1%           6.56GiB /  77.0%    

 Section    ncalls     time    %tot     avg     alloc    %tot      avg
 ─────────────────────────────────────────────────────────────────────
 timestep      150    16.8s  100.0%   112ms   5.05GiB  100.0%  34.5MiB
   tend_z      450    5.31s   31.5%  11.8ms   1.67GiB   33.0%  3.79MiB
   tend_x      450    5.00s   29.7%  11.1ms   2.12GiB   42.0%  4.83MiB
   update      900    4.31s   25.6%  4.79ms   1.18GiB   23.3%  1.34MiB
   halo_z      450    1.33s    7.9%  2.95ms   58.7MiB    1.1%   134KiB
   halo_x      450    910ms    5.4%  2.02ms   30.1MiB    0.6%  68.5KiB
[0m[1m ─────────────────────────────────────────────────────────────────────[22m
