julia --project=. --color=yes -- ../../src/jai/forthip3/miniWeather_accel.jl -s 100.0 -x 100 -z 50 -f 100.0 -d 1 -o /lustre/orion/cli115/proj-shared/grnydawn/jaiwork/output.nc -w /lustre/orion/cli115/proj-shared/grnydawn/jaiwork -b /lustre/orion/cli115/proj-shared/grnydawn/jaiwork
nx_glob, nz_glob: 100 50
dx, dz: 200.0 200.0
dt: 0.6666666666666666
SSSSSSSSS812.704532109309
XXXXXXX812.704532109309
XXXXXXX817.5775554374712
XXXXXXX748.5333391924338
XXXXXXXNaN
XXXXXXXNaN
XXXXXXXNaN
XXXXXXXNaN
XXXXXXXNaN
XXXXXXXNaN
XXXXXXXNaN
XXXXXXXNaN
XXXXXXXNaN
XXXXXXXNaN
XXXXXXXNaN
XXXXXXXNaN
XXXXXXXNaN
[10.7% of 100.0]
XXXXXXXNaN
XXXXXXXNaN
XXXXXXXNaN
XXXXXXXNaN
XXXXXXXNaN
XXXXXXXNaN
XXXXXXXNaN
XXXXXXXNaN
XXXXXXXNaN
XXXXXXXNaN
XXXXXXXNaN
XXXXXXXNaN
XXXXXXXNaN
XXXXXXXNaN
XXXXXXXNaN
[20.7% of 100.0]
XXXXXXXNaN
XXXXXXXNaN
XXXXXXXNaN
XXXXXXXNaN
XXXXXXXNaN
XXXXXXXNaN
XXXXXXXNaN
XXXXXXXNaN
XXXXXXXNaN
XXXXXXXNaN
XXXXXXXNaN
XXXXXXXNaN
XXXXXXXNaN
XXXXXXXNaN
XXXXXXXNaN
[30.7% of 100.0]
XXXXXXXNaN
XXXXXXXNaN
XXXXXXXNaN
XXXXXXXNaN
XXXXXXXNaN
XXXXXXXNaN
XXXXXXXNaN
XXXXXXXNaN
XXXXXXXNaN
XXXXXXXNaN
XXXXXXXNaN
XXXXXXXNaN
XXXXXXXNaN
XXXXXXXNaN
XXXXXXXNaN
[40.7% of 100.0]
XXXXXXXNaN
XXXXXXXNaN
XXXXXXXNaN
XXXXXXXNaN
XXXXXXXNaN
XXXXXXXNaN
XXXXXXXNaN
XXXXXXXNaN
XXXXXXXNaN
XXXXXXXNaN
XXXXXXXNaN
XXXXXXXNaN
XXXXXXXNaN
XXXXXXXNaN
XXXXXXXNaN
[50.7% of 100.0]
XXXXXXXNaN
XXXXXXXNaN
XXXXXXXNaN
XXXXXXXNaN
XXXXXXXNaN
XXXXXXXNaN
XXXXXXXNaN
XXXXXXXNaN
XXXXXXXNaN
XXXXXXXNaN
XXXXXXXNaN
XXXXXXXNaN
XXXXXXXNaN
XXXXXXXNaN
XXXXXXXNaN
[60.7% of 100.0]
XXXXXXXNaN
XXXXXXXNaN
XXXXXXXNaN
XXXXXXXNaN
XXXXXXXNaN
XXXXXXXNaN
XXXXXXXNaN
XXXXXXXNaN
XXXXXXXNaN
XXXXXXXNaN
XXXXXXXNaN
XXXXXXXNaN
XXXXXXXNaN
XXXXXXXNaN
XXXXXXXNaN
[70.7% of 100.0]
XXXXXXXNaN
XXXXXXXNaN
XXXXXXXNaN
XXXXXXXNaN
XXXXXXXNaN
XXXXXXXNaN
XXXXXXXNaN
XXXXXXXNaN
XXXXXXXNaN
XXXXXXXNaN
XXXXXXXNaN
XXXXXXXNaN
XXXXXXXNaN
XXXXXXXNaN
XXXXXXXNaN
[80.7% of 100.0]
XXXXXXXNaN
XXXXXXXNaN
XXXXXXXNaN
XXXXXXXNaN
XXXXXXXNaN
XXXXXXXNaN
XXXXXXXNaN
XXXXXXXNaN
XXXXXXXNaN
XXXXXXXNaN
XXXXXXXNaN
XXXXXXXNaN
XXXXXXXNaN
XXXXXXXNaN
XXXXXXXNaN
[90.7% of 100.0]
XXXXXXXNaN
XXXXXXXNaN
XXXXXXXNaN
XXXXXXXNaN
XXXXXXXNaN
XXXXXXXNaN
XXXXXXXNaN
XXXXXXXNaN
XXXXXXXNaN
XXXXXXXNaN
XXXXXXXNaN
XXXXXXXNaN
XXXXXXXNaN
XXXXXXXNaN
CPU Time: 28.586122877
d_mass: NaN
d_te  : NaN
[0m[1m ─────────────────────────────────────────────────────────────────────[22m
[0m[1m                    [22m         Time                    Allocations      
                    ───────────────────────   ────────────────────────
  Tot / % measured:      50.1s /  54.2%           6.59GiB /  76.4%    

 Section    ncalls     time    %tot     avg     alloc    %tot      avg
 ─────────────────────────────────────────────────────────────────────
 timestep      150    27.1s  100.0%   181ms   5.04GiB  100.0%  34.4MiB
   tend_z      450    8.18s   30.1%  18.2ms   1.66GiB   33.0%  3.78MiB
   tend_x      450    7.29s   26.8%  16.2ms   2.12GiB   42.1%  4.83MiB
   update      900    5.65s   20.8%  6.28ms   1.16GiB   23.0%  1.32MiB
   halo_x      450    3.05s   11.2%  6.77ms   40.8MiB    0.8%  92.8KiB
   halo_z      450    2.98s   11.0%  6.63ms   58.8MiB    1.1%   134KiB
[0m[1m ─────────────────────────────────────────────────────────────────────[22m
