julia --project=. --color=yes -- ../../src/jai/forthip3/miniWeather_accel.jl -s 100.0 -x 100 -z 50 -f 100.0 -d 1 -o /lustre/orion/cli115/proj-shared/grnydawn/jaiwork/output.nc -w /lustre/orion/cli115/proj-shared/grnydawn/jaiwork -b /lustre/orion/cli115/proj-shared/grnydawn/jaiwork
nx_glob, nz_glob: 100 50
dx, dz: 200.0 200.0
dt: 0.6666666666666666
SSSSSSSSS812.704532109309
XXXXXXX812.704532109309
-- halo_1rank_kernel812.704532109309
-- tend_x_kernel2.8668968891085553e8
-- tend_x_calc_kernel1.0663738230116959e-14
-- halo_1rank_kernel812.7044457758113
-- tend_x_kernel2.866906403002741e8
-- tend_x_calc_kernel-8.382615822723032e-15
-- halo_1rank_kernel812.7044025122904
-- tend_x_kernel2.866912193822666e8
-- tend_x_calc_kernel-1.4476267407026455e-15
-- halo_z_kernel813.618297874696
-- tend_z_kernel3.231002391873149e6
-- tend_z_calc_kernel1.8872233161450143
-- halo_z_kernel800.8530405167521
-- tend_z_kernel3.239651344567124e6
-- tend_z_calc_kernel-13.995087733397808
-- halo_z_kernel803.0125428586097
-- tend_z_kernel3.247383904953639e6
-- tend_z_calc_kernel-8.127697823721652
XXXXXXX808.2525344730735
-- halo_1rank_kernel808.2525157012856
-- tend_x_kernel2.867006099327115e8
-- tend_x_calc_kernel-9.571770459571027e-15
-- halo_1rank_kernel802.2942048762307
-- tend_x_kernel2.867092482367357e8
-- tend_x_calc_kernel7.104993676732008e-15
-- halo_1rank_kernel802.2941614742722
-- tend_x_kernel2.866975494059001e8
-- tend_x_calc_kernel-2.3828161666017422e-14
-- halo_z_kernel812.040700435509
-- tend_z_kernel3.255224151477239e6
-- tend_z_calc_kernel-3.2102103063229017
-- halo_z_kernel828.1616314943979
-- tend_z_kernel3.268883739640818e6
-- tend_z_calc_kernel9.884662923681457
-- halo_z_kernel857.0470707983568
-- tend_z_kernel3.2784032271203413e6
-- tend_z_calc_kernel31.61637204130232
XXXXXXX833.270361600396
-- halo_1rank_kernel833.2703497604788
-- tend_x_kernel2.86862922638882e8
-- tend_x_calc_kernel8.862615502591709e-14
-- halo_1rank_kernel874.9131854861569
-- tend_x_kernel2.868286711180556e8
-- tend_x_calc_kernel5.057499558036582e-14
-- halo_1rank_kernel874.9131419753127
-- tend_x_kernelNaN
-- tend_x_calc_kernelNaN
-- halo_z_kernelNaN
-- tend_z_kernelNaN
-- tend_z_calc_kernelNaN
-- halo_z_kernelNaN
-- tend_z_kernelNaN
-- tend_z_calc_kernelNaN
-- halo_z_kernelNaN
-- tend_z_kernelNaN
-- tend_z_calc_kernelNaN
XXXXXXXNaN
-- halo_1rank_kernelNaN
-- tend_x_kernelNaN
-- tend_x_calc_kernelNaN
-- halo_1rank_kernelNaN
-- tend_x_kernelNaN
-- tend_x_calc_kernelNaN
-- halo_1rank_kernelNaN
-- tend_x_kernelNaN
-- tend_x_calc_kernelNaN
-- halo_z_kernelNaN
-- tend_z_kernelNaN
-- tend_z_calc_kernelNaN
-- halo_z_kernelNaN
-- tend_z_kernelNaN
-- tend_z_calc_kernelNaN
-- halo_z_kernelNaN
-- tend_z_kernelNaN
-- tend_z_calc_kernelNaN
XXXXXXXNaN
-- halo_1rank_kernelNaN
-- tend_x_kernelNaN
-- tend_x_calc_kernelNaN
-- halo_1rank_kernelNaN
-- tend_x_kernelNaN
-- tend_x_calc_kernelNaN
-- halo_1rank_kernelNaN
-- tend_x_kernelNaN
-- tend_x_calc_kernelNaN
-- halo_z_kernelNaN
-- tend_z_kernelNaN
-- tend_z_calc_kernelNaN
-- halo_z_kernelNaN
-- tend_z_kernelNaN
-- tend_z_calc_kernelNaN
-- halo_z_kernelNaN
-- tend_z_kernelNaN
-- tend_z_calc_kernelNaN
XXXXXXXNaN
-- halo_1rank_kernelNaN
-- tend_x_kernelNaN
-- tend_x_calc_kernelNaN
-- halo_1rank_kernelNaN
-- tend_x_kernelNaN
-- tend_x_calc_kernelNaN
-- halo_1rank_kernelNaN
-- tend_x_kernelNaN
-- tend_x_calc_kernelNaN
-- halo_z_kernelNaN
-- tend_z_kernelNaN
-- tend_z_calc_kernelNaN
-- halo_z_kernelNaN
-- tend_z_kernelNaN
-- tend_z_calc_kernelNaN
-- halo_z_kernelNaN
-- tend_z_kernelNaN
-- tend_z_calc_kernelNaN
XXXXXXXNaN
-- halo_1rank_kernelNaN
-- tend_x_kernelNaN
-- tend_x_calc_kernelNaN
-- halo_1rank_kernelNaN
-- tend_x_kernelNaN
-- tend_x_calc_kernelNaN
-- halo_1rank_kernelNaN
-- tend_x_kernelNaN
-- tend_x_calc_kernelNaN
-- halo_z_kernelNaN
-- tend_z_kernelNaN
-- tend_z_calc_kernelNaN
-- halo_z_kernelNaN
-- tend_z_kernelNaN
-- tend_z_calc_kernelNaN
-- halo_z_kernelNaN
-- tend_z_kernelNaN
-- tend_z_calc_kernelNaN
XXXXXXXNaN
-- halo_1rank_kernelNaN
-- tend_x_kernelNaN
-- tend_x_calc_kernelNaN
-- halo_1rank_kernelNaN
-- tend_x_kernelNaN
-- tend_x_calc_kernelNaN
-- halo_1rank_kernelNaN
-- tend_x_kernelNaN
-- tend_x_calc_kernelNaN
-- halo_z_kernelNaN
-- tend_z_kernelNaN
-- tend_z_calc_kernelNaN
-- halo_z_kernelNaN
-- tend_z_kernelNaN
-- tend_z_calc_kernelNaN
-- halo_z_kernelNaN
-- tend_z_kernelNaN
-- tend_z_calc_kernelNaN
XXXXXXXNaN
-- halo_1rank_kernelNaN
-- tend_x_kernelNaN
-- tend_x_calc_kernelNaN
-- halo_1rank_kernelNaN
-- tend_x_kernelNaN
-- tend_x_calc_kernelNaN
-- halo_1rank_kernelNaN
-- tend_x_kernelNaN
-- tend_x_calc_kernelNaN
-- halo_z_kernelNaN
-- tend_z_kernelNaN
-- tend_z_calc_kernelNaN
-- halo_z_kernelNaN
-- tend_z_kernelNaN
-- tend_z_calc_kernelNaN
-- halo_z_kernelNaN
-- tend_z_kernelNaN
-- tend_z_calc_kernelNaN
XXXXXXXNaN
-- halo_1rank_kernelNaN
-- tend_x_kernelNaN
-- tend_x_calc_kernelNaN
-- halo_1rank_kernelNaN
-- tend_x_kernelNaN
-- tend_x_calc_kernelNaN
-- halo_1rank_kernelNaN
-- tend_x_kernelNaN
-- tend_x_calc_kernelNaN
-- halo_z_kernelNaN
-- tend_z_kernelNaN
-- tend_z_calc_kernelNaN
-- halo_z_kernelNaN
-- tend_z_kernelNaN
-- tend_z_calc_kernelNaN
-- halo_z_kernelNaN
-- tend_z_kernelNaN
-- tend_z_calc_kernelNaN
XXXXXXXNaN
-- halo_1rank_kernelNaN
-- tend_x_kernelNaN
-- tend_x_calc_kernelNaN
-- halo_1rank_kernelNaN
-- tend_x_kernelNaN
-- tend_x_calc_kernelNaN
-- halo_1rank_kernelNaN
-- tend_x_kernelNaN
-- tend_x_calc_kernelNaN
-- halo_z_kernelNaN
-- tend_z_kernelNaN
-- tend_z_calc_kernelNaN
-- halo_z_kernelNaN
-- tend_z_kernelNaN
-- tend_z_calc_kernelNaN
-- halo_z_kernelNaN
-- tend_z_kernelNaN
-- tend_z_calc_kernelNaN
XXXXXXXNaN
-- halo_1rank_kernelNaN
-- tend_x_kernelNaN
-- tend_x_calc_kernelNaN
-- halo_1rank_kernelNaN
-- tend_x_kernelNaN
-- tend_x_calc_kernelNaN
-- halo_1rank_kernelNaN
-- tend_x_kernelNaN
-- tend_x_calc_kernelNaN
-- halo_z_kernelNaN
-- tend_z_kernelNaN
-- tend_z_calc_kernelNaN
-- halo_z_kernelNaN
-- tend_z_kernelNaN
-- tend_z_calc_kernelNaN
-- halo_z_kernelNaN
-- tend_z_kernelNaN
-- tend_z_calc_kernelNaN
XXXXXXXNaN
-- halo_1rank_kernelNaN
-- tend_x_kernelNaN
-- tend_x_calc_kernelNaN
-- halo_1rank_kernelNaN
-- tend_x_kernelNaN
-- tend_x_calc_kernelNaN
-- halo_1rank_kernelNaN
-- tend_x_kernelNaN
-- tend_x_calc_kernelNaN
-- halo_z_kernelNaN
-- tend_z_kernelNaN
-- tend_z_calc_kernelNaN
-- halo_z_kernelNaN
-- tend_z_kernelNaN
-- tend_z_calc_kernelNaN
-- halo_z_kernelNaN
-- tend_z_kernelNaN
-- tend_z_calc_kernelNaN
XXXXXXXNaN
-- halo_1rank_kernelNaN
-- tend_x_kernelNaN
-- tend_x_calc_kernelNaN
-- halo_1rank_kernelNaN
-- tend_x_kernelNaN
-- tend_x_calc_kernelNaN
-- halo_1rank_kernelNaN
-- tend_x_kernelNaN
-- tend_x_calc_kernelNaN
-- halo_z_kernelNaN
-- tend_z_kernelNaN
-- tend_z_calc_kernelNaN
-- halo_z_kernelNaN
-- tend_z_kernelNaN
-- tend_z_calc_kernelNaN
-- halo_z_kernelNaN
-- tend_z_kernelNaN
-- tend_z_calc_kernelNaN
XXXXXXXNaN
-- halo_1rank_kernelNaN
-- tend_x_kernelNaN
-- tend_x_calc_kernelNaN
-- halo_1rank_kernelNaN
-- tend_x_kernelNaN
-- tend_x_calc_kernelNaN
-- halo_1rank_kernelNaN
-- tend_x_kernelNaN
-- tend_x_calc_kernelNaN
-- halo_z_kernelNaN
-- tend_z_kernelNaN
-- tend_z_calc_kernelNaN
-- halo_z_kernelNaN
-- tend_z_kernelNaN
-- tend_z_calc_kernelNaN
-- halo_z_kernelNaN
-- tend_z_kernelNaN
-- tend_z_calc_kernelNaN
XXXXXXXNaN
-- halo_1rank_kernelNaN
-- tend_x_kernelNaN
-- tend_x_calc_kernelNaN
-- halo_1rank_kernelNaN
-- tend_x_kernelNaN
-- tend_x_calc_kernelNaN
-- halo_1rank_kernelNaN
-- tend_x_kernelNaN
-- tend_x_calc_kernelNaN
-- halo_z_kernelNaN
-- tend_z_kernelNaN
-- tend_z_calc_kernelNaN
-- halo_z_kernelNaN
-- tend_z_kernelNaN
-- tend_z_calc_kernelNaN
-- halo_z_kernelNaN
-- tend_z_kernelNaN
-- tend_z_calc_kernelNaN
[10.7% of 100.0]
XXXXXXXNaN
-- halo_1rank_kernelNaN
-- tend_x_kernelNaN
-- tend_x_calc_kernelNaN
-- halo_1rank_kernelNaN
-- tend_x_kernelNaN
-- tend_x_calc_kernelNaN
-- halo_1rank_kernelNaN
-- tend_x_kernelNaN
-- tend_x_calc_kernelNaN
-- halo_z_kernelNaN
-- tend_z_kernelNaN
-- tend_z_calc_kernelNaN
-- halo_z_kernelNaN
-- tend_z_kernelNaN
-- tend_z_calc_kernelNaN
-- halo_z_kernelNaN
-- tend_z_kernelNaN
-- tend_z_calc_kernelNaN
XXXXXXXNaN
-- halo_1rank_kernelNaN
-- tend_x_kernelNaN
-- tend_x_calc_kernelNaN
-- halo_1rank_kernelNaN
-- tend_x_kernelNaN
-- tend_x_calc_kernelNaN
-- halo_1rank_kernelNaN
-- tend_x_kernelNaN
-- tend_x_calc_kernelNaN
-- halo_z_kernelNaN
-- tend_z_kernelNaN
-- tend_z_calc_kernelNaN
-- halo_z_kernelNaN
-- tend_z_kernelNaN
-- tend_z_calc_kernelNaN
-- halo_z_kernelNaN
-- tend_z_kernelNaN
-- tend_z_calc_kernelNaN
XXXXXXXNaN
-- halo_1rank_kernelNaN
-- tend_x_kernelNaN
-- tend_x_calc_kernelNaN
-- halo_1rank_kernelNaN
-- tend_x_kernelNaN
-- tend_x_calc_kernelNaN
-- halo_1rank_kernelNaN
-- tend_x_kernelNaN
-- tend_x_calc_kernelNaN
-- halo_z_kernelNaN
-- tend_z_kernelNaN
-- tend_z_calc_kernelNaN
-- halo_z_kernelNaN
-- tend_z_kernelNaN
-- tend_z_calc_kernelNaN
-- halo_z_kernelNaN
-- tend_z_kernelNaN
-- tend_z_calc_kernelNaN
XXXXXXXNaN
-- halo_1rank_kernelNaN
-- tend_x_kernelNaN
-- tend_x_calc_kernelNaN
-- halo_1rank_kernelNaN
-- tend_x_kernelNaN
-- tend_x_calc_kernelNaN
-- halo_1rank_kernelNaN
-- tend_x_kernelNaN
-- tend_x_calc_kernelNaN
-- halo_z_kernelNaN
-- tend_z_kernelNaN
-- tend_z_calc_kernelNaN
-- halo_z_kernelNaN
-- tend_z_kernelNaN
-- tend_z_calc_kernelNaN
-- halo_z_kernelNaN
-- tend_z_kernelNaN
-- tend_z_calc_kernelNaN
XXXXXXXNaN
-- halo_1rank_kernelNaN
-- tend_x_kernelNaN
-- tend_x_calc_kernelNaN
-- halo_1rank_kernelNaN
-- tend_x_kernelNaN
-- tend_x_calc_kernelNaN
-- halo_1rank_kernelNaN
-- tend_x_kernelNaN
-- tend_x_calc_kernelNaN
-- halo_z_kernelNaN
-- tend_z_kernelNaN
-- tend_z_calc_kernelNaN
-- halo_z_kernelNaN
-- tend_z_kernelNaN
-- tend_z_calc_kernelNaN
-- halo_z_kernelNaN
-- tend_z_kernelNaN
-- tend_z_calc_kernelNaN
XXXXXXXNaN
-- halo_1rank_kernelNaN
-- tend_x_kernelNaN
-- tend_x_calc_kernelNaN
-- halo_1rank_kernelNaN
-- tend_x_kernelNaN
-- tend_x_calc_kernelNaN
-- halo_1rank_kernelNaN
-- tend_x_kernelNaN
-- tend_x_calc_kernelNaN
-- halo_z_kernelNaN
-- tend_z_kernelNaN
-- tend_z_calc_kernelNaN
-- halo_z_kernelNaN
-- tend_z_kernelNaN
-- tend_z_calc_kernelNaN
-- halo_z_kernelNaN
-- tend_z_kernelNaN
-- tend_z_calc_kernelNaN
XXXXXXXNaN
-- halo_1rank_kernelNaN
-- tend_x_kernelNaN
-- tend_x_calc_kernelNaN
-- halo_1rank_kernelNaN
-- tend_x_kernelNaN
-- tend_x_calc_kernelNaN
-- halo_1rank_kernelNaN
-- tend_x_kernelNaN
-- tend_x_calc_kernelNaN
-- halo_z_kernelNaN
-- tend_z_kernelNaN
-- tend_z_calc_kernelNaN
-- halo_z_kernelNaN
-- tend_z_kernelNaN
-- tend_z_calc_kernelNaN
-- halo_z_kernelNaN
-- tend_z_kernelNaN
-- tend_z_calc_kernelNaN
XXXXXXXNaN
-- halo_1rank_kernelNaN
-- tend_x_kernelNaN
-- tend_x_calc_kernelNaN
-- halo_1rank_kernelNaN
-- tend_x_kernelNaN
-- tend_x_calc_kernelNaN
-- halo_1rank_kernelNaN
-- tend_x_kernelNaN
-- tend_x_calc_kernelNaN
-- halo_z_kernelNaN
-- tend_z_kernelNaN
-- tend_z_calc_kernelNaN
-- halo_z_kernelNaN
-- tend_z_kernelNaN
-- tend_z_calc_kernelNaN
-- halo_z_kernelNaN
-- tend_z_kernelNaN
-- tend_z_calc_kernelNaN
XXXXXXXNaN
-- halo_1rank_kernelNaN
-- tend_x_kernelNaN
-- tend_x_calc_kernelNaN
-- halo_1rank_kernelNaN
-- tend_x_kernelNaN
-- tend_x_calc_kernelNaN
-- halo_1rank_kernelNaN
-- tend_x_kernelNaN
-- tend_x_calc_kernelNaN
-- halo_z_kernelNaN
-- tend_z_kernelNaN
-- tend_z_calc_kernelNaN
-- halo_z_kernelNaN
-- tend_z_kernelNaN
-- tend_z_calc_kernelNaN
-- halo_z_kernelNaN
-- tend_z_kernelNaN
-- tend_z_calc_kernelNaN
XXXXXXXNaN
-- halo_1rank_kernelNaN
-- tend_x_kernelNaN
-- tend_x_calc_kernelNaN
-- halo_1rank_kernelNaN
-- tend_x_kernelNaN
-- tend_x_calc_kernelNaN
-- halo_1rank_kernelNaN
-- tend_x_kernelNaN
-- tend_x_calc_kernelNaN
-- halo_z_kernelNaN
-- tend_z_kernelNaN
-- tend_z_calc_kernelNaN
-- halo_z_kernelNaN
-- tend_z_kernelNaN
-- tend_z_calc_kernelNaN
-- halo_z_kernelNaN
-- tend_z_kernelNaN
-- tend_z_calc_kernelNaN
XXXXXXXNaN
-- halo_1rank_kernelNaN
-- tend_x_kernelNaN
-- tend_x_calc_kernelNaN
-- halo_1rank_kernelNaN
-- tend_x_kernelNaN
-- tend_x_calc_kernelNaN
-- halo_1rank_kernelNaN
-- tend_x_kernelNaN
-- tend_x_calc_kernelNaN
-- halo_z_kernelNaN
-- tend_z_kernelNaN
-- tend_z_calc_kernelNaN
-- halo_z_kernelNaN
-- tend_z_kernelNaN
-- tend_z_calc_kernelNaN
-- halo_z_kernelNaN
-- tend_z_kernelNaN
-- tend_z_calc_kernelNaN
XXXXXXXNaN
-- halo_1rank_kernelNaN
-- tend_x_kernelNaN
-- tend_x_calc_kernelNaN
-- halo_1rank_kernelNaN
-- tend_x_kernelNaN
-- tend_x_calc_kernelNaN
-- halo_1rank_kernelNaN
-- tend_x_kernelNaN
-- tend_x_calc_kernelNaN
-- halo_z_kernelNaN
-- tend_z_kernelNaN
-- tend_z_calc_kernelNaN
-- halo_z_kernelNaN
-- tend_z_kernelNaN
-- tend_z_calc_kernelNaN
-- halo_z_kernelNaN
-- tend_z_kernelNaN
-- tend_z_calc_kernelNaN
XXXXXXXNaN
-- halo_1rank_kernelNaN
-- tend_x_kernelNaN
-- tend_x_calc_kernelNaN
-- halo_1rank_kernelNaN
-- tend_x_kernelNaN
-- tend_x_calc_kernelNaN
-- halo_1rank_kernelNaN
-- tend_x_kernelNaN
-- tend_x_calc_kernelNaN
-- halo_z_kernelNaN
-- tend_z_kernelNaN
-- tend_z_calc_kernelNaN
-- halo_z_kernelNaN
-- tend_z_kernelNaN
-- tend_z_calc_kernelNaN
-- halo_z_kernelNaN
-- tend_z_kernelNaN
-- tend_z_calc_kernelNaN
XXXXXXXNaN
-- halo_1rank_kernelNaN
-- tend_x_kernelNaN
-- tend_x_calc_kernelNaN
-- halo_1rank_kernelNaN
-- tend_x_kernelNaN
-- tend_x_calc_kernelNaN
-- halo_1rank_kernelNaN
-- tend_x_kernelNaN
-- tend_x_calc_kernelNaN
-- halo_z_kernelNaN
-- tend_z_kernelNaN
-- tend_z_calc_kernelNaN
-- halo_z_kernelNaN
-- tend_z_kernelNaN
-- tend_z_calc_kernelNaN
-- halo_z_kernelNaN
-- tend_z_kernelNaN
-- tend_z_calc_kernelNaN
XXXXXXXNaN
-- halo_1rank_kernelNaN
-- tend_x_kernelNaN
-- tend_x_calc_kernelNaN
-- halo_1rank_kernelNaN
-- tend_x_kernelNaN
-- tend_x_calc_kernelNaN
-- halo_1rank_kernelNaN
-- tend_x_kernelNaN
-- tend_x_calc_kernelNaN
-- halo_z_kernelNaN
-- tend_z_kernelNaN
-- tend_z_calc_kernelNaN
-- halo_z_kernelNaN
-- tend_z_kernelNaN
-- tend_z_calc_kernelNaN
-- halo_z_kernelNaN
-- tend_z_kernelNaN
-- tend_z_calc_kernelNaN
[20.7% of 100.0]
XXXXXXXNaN
-- halo_1rank_kernelNaN
-- tend_x_kernelNaN
-- tend_x_calc_kernelNaN
-- halo_1rank_kernelNaN
-- tend_x_kernelNaN
-- tend_x_calc_kernelNaN
-- halo_1rank_kernelNaN
-- tend_x_kernelNaN
-- tend_x_calc_kernelNaN
-- halo_z_kernelNaN
-- tend_z_kernelNaN
-- tend_z_calc_kernelNaN
-- halo_z_kernelNaN
-- tend_z_kernelNaN
-- tend_z_calc_kernelNaN
-- halo_z_kernelNaN
-- tend_z_kernelNaN
-- tend_z_calc_kernelNaN
XXXXXXXNaN
-- halo_1rank_kernelNaN
-- tend_x_kernelNaN
-- tend_x_calc_kernelNaN
-- halo_1rank_kernelNaN
-- tend_x_kernelNaN
-- tend_x_calc_kernelNaN
-- halo_1rank_kernelNaN
-- tend_x_kernelNaN
-- tend_x_calc_kernelNaN
-- halo_z_kernelNaN
-- tend_z_kernelNaN
-- tend_z_calc_kernelNaN
-- halo_z_kernelNaN
-- tend_z_kernelNaN
-- tend_z_calc_kernelNaN
-- halo_z_kernelNaN
-- tend_z_kernelNaN
-- tend_z_calc_kernelNaN
XXXXXXXNaN
-- halo_1rank_kernelNaN
-- tend_x_kernelNaN
-- tend_x_calc_kernelNaN
-- halo_1rank_kernelNaN
-- tend_x_kernelNaN
-- tend_x_calc_kernelNaN
-- halo_1rank_kernelNaN
-- tend_x_kernelNaN
-- tend_x_calc_kernelNaN
-- halo_z_kernelNaN
-- tend_z_kernelNaN
-- tend_z_calc_kernelNaN
-- halo_z_kernelNaN
-- tend_z_kernelNaN
-- tend_z_calc_kernelNaN
-- halo_z_kernelNaN
-- tend_z_kernelNaN
-- tend_z_calc_kernelNaN
XXXXXXXNaN
-- halo_1rank_kernelNaN
-- tend_x_kernelNaN
-- tend_x_calc_kernelNaN
-- halo_1rank_kernelNaN
-- tend_x_kernelNaN
-- tend_x_calc_kernelNaN
-- halo_1rank_kernelNaN
-- tend_x_kernelNaN
-- tend_x_calc_kernelNaN
-- halo_z_kernelNaN
-- tend_z_kernelNaN
-- tend_z_calc_kernelNaN
-- halo_z_kernelNaN
-- tend_z_kernelNaN
-- tend_z_calc_kernelNaN
-- halo_z_kernelNaN
-- tend_z_kernelNaN
-- tend_z_calc_kernelNaN
XXXXXXXNaN
-- halo_1rank_kernelNaN
-- tend_x_kernelNaN
-- tend_x_calc_kernelNaN
-- halo_1rank_kernelNaN
-- tend_x_kernelNaN
-- tend_x_calc_kernelNaN
-- halo_1rank_kernelNaN
-- tend_x_kernelNaN
-- tend_x_calc_kernelNaN
-- halo_z_kernelNaN
-- tend_z_kernelNaN
-- tend_z_calc_kernelNaN
-- halo_z_kernelNaN
-- tend_z_kernelNaN
-- tend_z_calc_kernelNaN
-- halo_z_kernelNaN
-- tend_z_kernelNaN
-- tend_z_calc_kernelNaN
XXXXXXXNaN
-- halo_1rank_kernelNaN
-- tend_x_kernelNaN
-- tend_x_calc_kernelNaN
-- halo_1rank_kernelNaN
-- tend_x_kernelNaN
-- tend_x_calc_kernelNaN
-- halo_1rank_kernelNaN
-- tend_x_kernelNaN
-- tend_x_calc_kernelNaN
-- halo_z_kernelNaN
-- tend_z_kernelNaN
-- tend_z_calc_kernelNaN
-- halo_z_kernelNaN
-- tend_z_kernelNaN
-- tend_z_calc_kernelNaN
-- halo_z_kernelNaN
-- tend_z_kernelNaN
-- tend_z_calc_kernelNaN
XXXXXXXNaN
-- halo_1rank_kernelNaN
-- tend_x_kernelNaN
-- tend_x_calc_kernelNaN
-- halo_1rank_kernelNaN
-- tend_x_kernelNaN
-- tend_x_calc_kernelNaN
-- halo_1rank_kernelNaN
-- tend_x_kernelNaN
-- tend_x_calc_kernelNaN
-- halo_z_kernelNaN
-- tend_z_kernelNaN
-- tend_z_calc_kernelNaN
-- halo_z_kernelNaN
-- tend_z_kernelNaN
-- tend_z_calc_kernelNaN
-- halo_z_kernelNaN
-- tend_z_kernelNaN
-- tend_z_calc_kernelNaN
XXXXXXXNaN
-- halo_1rank_kernelNaN
-- tend_x_kernelNaN
-- tend_x_calc_kernelNaN
-- halo_1rank_kernelNaN
-- tend_x_kernelNaN
-- tend_x_calc_kernelNaN
-- halo_1rank_kernelNaN
-- tend_x_kernelNaN
-- tend_x_calc_kernelNaN
-- halo_z_kernelNaN
-- tend_z_kernelNaN
-- tend_z_calc_kernelNaN
-- halo_z_kernelNaN
-- tend_z_kernelNaN
-- tend_z_calc_kernelNaN
-- halo_z_kernelNaN
-- tend_z_kernelNaN
-- tend_z_calc_kernelNaN
XXXXXXXNaN
-- halo_1rank_kernelNaN
-- tend_x_kernelNaN
-- tend_x_calc_kernelNaN
-- halo_1rank_kernelNaN
-- tend_x_kernelNaN
-- tend_x_calc_kernelNaN
-- halo_1rank_kernelNaN
-- tend_x_kernelNaN
-- tend_x_calc_kernelNaN
-- halo_z_kernelNaN
-- tend_z_kernelNaN
-- tend_z_calc_kernelNaN
-- halo_z_kernelNaN
-- tend_z_kernelNaN
-- tend_z_calc_kernelNaN
-- halo_z_kernelNaN
-- tend_z_kernelNaN
-- tend_z_calc_kernelNaN
XXXXXXXNaN
-- halo_1rank_kernelNaN
-- tend_x_kernelNaN
-- tend_x_calc_kernelNaN
-- halo_1rank_kernelNaN
-- tend_x_kernelNaN
-- tend_x_calc_kernelNaN
-- halo_1rank_kernelNaN
-- tend_x_kernelNaN
-- tend_x_calc_kernelNaN
-- halo_z_kernelNaN
-- tend_z_kernelNaN
-- tend_z_calc_kernelNaN
-- halo_z_kernelNaN
-- tend_z_kernelNaN
-- tend_z_calc_kernelNaN
-- halo_z_kernelNaN
-- tend_z_kernelNaN
-- tend_z_calc_kernelNaN
XXXXXXXNaN
-- halo_1rank_kernelNaN
-- tend_x_kernelNaN
-- tend_x_calc_kernelNaN
-- halo_1rank_kernelNaN
-- tend_x_kernelNaN
-- tend_x_calc_kernelNaN
-- halo_1rank_kernelNaN
-- tend_x_kernelNaN
-- tend_x_calc_kernelNaN
-- halo_z_kernelNaN
-- tend_z_kernelNaN
-- tend_z_calc_kernelNaN
-- halo_z_kernelNaN
-- tend_z_kernelNaN
-- tend_z_calc_kernelNaN
-- halo_z_kernelNaN
-- tend_z_kernelNaN
-- tend_z_calc_kernelNaN
XXXXXXXNaN
-- halo_1rank_kernelNaN
-- tend_x_kernelNaN
-- tend_x_calc_kernelNaN
-- halo_1rank_kernelNaN
-- tend_x_kernelNaN
-- tend_x_calc_kernelNaN
-- halo_1rank_kernelNaN
-- tend_x_kernelNaN
-- tend_x_calc_kernelNaN
-- halo_z_kernelNaN
-- tend_z_kernelNaN
-- tend_z_calc_kernelNaN
-- halo_z_kernelNaN
-- tend_z_kernelNaN
-- tend_z_calc_kernelNaN
-- halo_z_kernelNaN
-- tend_z_kernelNaN
-- tend_z_calc_kernelNaN
XXXXXXXNaN
-- halo_1rank_kernelNaN
-- tend_x_kernelNaN
-- tend_x_calc_kernelNaN
-- halo_1rank_kernelNaN
-- tend_x_kernelNaN
-- tend_x_calc_kernelNaN
-- halo_1rank_kernelNaN
-- tend_x_kernelNaN
-- tend_x_calc_kernelNaN
-- halo_z_kernelNaN
-- tend_z_kernelNaN
-- tend_z_calc_kernelNaN
-- halo_z_kernelNaN
-- tend_z_kernelNaN
-- tend_z_calc_kernelNaN
-- halo_z_kernelNaN
-- tend_z_kernelNaN
-- tend_z_calc_kernelNaN
XXXXXXXNaN
-- halo_1rank_kernelNaN
-- tend_x_kernelNaN
-- tend_x_calc_kernelNaN
-- halo_1rank_kernelNaN
-- tend_x_kernelNaN
-- tend_x_calc_kernelNaN
-- halo_1rank_kernelNaN
-- tend_x_kernelNaN
-- tend_x_calc_kernelNaN
-- halo_z_kernelNaN
-- tend_z_kernelNaN
-- tend_z_calc_kernelNaN
-- halo_z_kernelNaN
-- tend_z_kernelNaN
-- tend_z_calc_kernelNaN
-- halo_z_kernelNaN
-- tend_z_kernelNaN
-- tend_z_calc_kernelNaN
XXXXXXXNaN
-- halo_1rank_kernelNaN
-- tend_x_kernelNaN
-- tend_x_calc_kernelNaN
-- halo_1rank_kernelNaN
-- tend_x_kernelNaN
-- tend_x_calc_kernelNaN
-- halo_1rank_kernelNaN
-- tend_x_kernelNaN
-- tend_x_calc_kernelNaN
-- halo_z_kernelNaN
-- tend_z_kernelNaN
-- tend_z_calc_kernelNaN
-- halo_z_kernelNaN
-- tend_z_kernelNaN
-- tend_z_calc_kernelNaN
-- halo_z_kernelNaN
-- tend_z_kernelNaN
-- tend_z_calc_kernelNaN
[30.7% of 100.0]
XXXXXXXNaN
-- halo_1rank_kernelNaN
-- tend_x_kernelNaN
-- tend_x_calc_kernelNaN
-- halo_1rank_kernelNaN
-- tend_x_kernelNaN
-- tend_x_calc_kernelNaN
-- halo_1rank_kernelNaN
-- tend_x_kernelNaN
-- tend_x_calc_kernelNaN
-- halo_z_kernelNaN
-- tend_z_kernelNaN
-- tend_z_calc_kernelNaN
-- halo_z_kernelNaN
-- tend_z_kernelNaN
-- tend_z_calc_kernelNaN
-- halo_z_kernelNaN
-- tend_z_kernelNaN
-- tend_z_calc_kernelNaN
XXXXXXXNaN
-- halo_1rank_kernelNaN
-- tend_x_kernelNaN
-- tend_x_calc_kernelNaN
-- halo_1rank_kernelNaN
-- tend_x_kernelNaN
-- tend_x_calc_kernelNaN
-- halo_1rank_kernelNaN
-- tend_x_kernelNaN
-- tend_x_calc_kernelNaN
-- halo_z_kernelNaN
-- tend_z_kernelNaN
-- tend_z_calc_kernelNaN
-- halo_z_kernelNaN
-- tend_z_kernelNaN
-- tend_z_calc_kernelNaN
-- halo_z_kernelNaN
-- tend_z_kernelNaN
-- tend_z_calc_kernelNaN
XXXXXXXNaN
-- halo_1rank_kernelNaN
-- tend_x_kernelNaN
-- tend_x_calc_kernelNaN
-- halo_1rank_kernelNaN
-- tend_x_kernelNaN
-- tend_x_calc_kernelNaN
-- halo_1rank_kernelNaN
-- tend_x_kernelNaN
-- tend_x_calc_kernelNaN
-- halo_z_kernelNaN
-- tend_z_kernelNaN
-- tend_z_calc_kernelNaN
-- halo_z_kernelNaN
-- tend_z_kernelNaN
-- tend_z_calc_kernelNaN
-- halo_z_kernelNaN
-- tend_z_kernelNaN
-- tend_z_calc_kernelNaN
XXXXXXXNaN
-- halo_1rank_kernelNaN
-- tend_x_kernelNaN
-- tend_x_calc_kernelNaN
-- halo_1rank_kernelNaN
-- tend_x_kernelNaN
-- tend_x_calc_kernelNaN
-- halo_1rank_kernelNaN
-- tend_x_kernelNaN
-- tend_x_calc_kernelNaN
-- halo_z_kernelNaN
-- tend_z_kernelNaN
-- tend_z_calc_kernelNaN
-- halo_z_kernelNaN
-- tend_z_kernelNaN
-- tend_z_calc_kernelNaN
-- halo_z_kernelNaN
-- tend_z_kernelNaN
-- tend_z_calc_kernelNaN
XXXXXXXNaN
-- halo_1rank_kernelNaN
-- tend_x_kernelNaN
-- tend_x_calc_kernelNaN
-- halo_1rank_kernelNaN
-- tend_x_kernelNaN
-- tend_x_calc_kernelNaN
-- halo_1rank_kernelNaN
-- tend_x_kernelNaN
-- tend_x_calc_kernelNaN
-- halo_z_kernelNaN
-- tend_z_kernelNaN
-- tend_z_calc_kernelNaN
-- halo_z_kernelNaN
-- tend_z_kernelNaN
-- tend_z_calc_kernelNaN
-- halo_z_kernelNaN
-- tend_z_kernelNaN
-- tend_z_calc_kernelNaN
XXXXXXXNaN
-- halo_1rank_kernelNaN
-- tend_x_kernelNaN
-- tend_x_calc_kernelNaN
-- halo_1rank_kernelNaN
-- tend_x_kernelNaN
-- tend_x_calc_kernelNaN
-- halo_1rank_kernelNaN
-- tend_x_kernelNaN
-- tend_x_calc_kernelNaN
-- halo_z_kernelNaN
-- tend_z_kernelNaN
-- tend_z_calc_kernelNaN
-- halo_z_kernelNaN
-- tend_z_kernelNaN
-- tend_z_calc_kernelNaN
-- halo_z_kernelNaN
-- tend_z_kernelNaN
-- tend_z_calc_kernelNaN
XXXXXXXNaN
-- halo_1rank_kernelNaN
-- tend_x_kernelNaN
-- tend_x_calc_kernelNaN
-- halo_1rank_kernelNaN
-- tend_x_kernelNaN
-- tend_x_calc_kernelNaN
-- halo_1rank_kernelNaN
-- tend_x_kernelNaN
-- tend_x_calc_kernelNaN
-- halo_z_kernelNaN
-- tend_z_kernelNaN
-- tend_z_calc_kernelNaN
-- halo_z_kernelNaN
-- tend_z_kernelNaN
-- tend_z_calc_kernelNaN
-- halo_z_kernelNaN
-- tend_z_kernelNaN
-- tend_z_calc_kernelNaN
XXXXXXXNaN
-- halo_1rank_kernelNaN
-- tend_x_kernelNaN
-- tend_x_calc_kernelNaN
-- halo_1rank_kernelNaN
-- tend_x_kernelNaN
-- tend_x_calc_kernelNaN
-- halo_1rank_kernelNaN
-- tend_x_kernelNaN
-- tend_x_calc_kernelNaN
-- halo_z_kernelNaN
-- tend_z_kernelNaN
-- tend_z_calc_kernelNaN
-- halo_z_kernelNaN
-- tend_z_kernelNaN
-- tend_z_calc_kernelNaN
-- halo_z_kernelNaN
-- tend_z_kernelNaN
-- tend_z_calc_kernelNaN
XXXXXXXNaN
-- halo_1rank_kernelNaN
-- tend_x_kernelNaN
-- tend_x_calc_kernelNaN
-- halo_1rank_kernelNaN
-- tend_x_kernelNaN
-- tend_x_calc_kernelNaN
-- halo_1rank_kernelNaN
-- tend_x_kernelNaN
-- tend_x_calc_kernelNaN
-- halo_z_kernelNaN
-- tend_z_kernelNaN
-- tend_z_calc_kernelNaN
-- halo_z_kernelNaN
-- tend_z_kernelNaN
-- tend_z_calc_kernelNaN
-- halo_z_kernelNaN
-- tend_z_kernelNaN
-- tend_z_calc_kernelNaN
XXXXXXXNaN
-- halo_1rank_kernelNaN
-- tend_x_kernelNaN
-- tend_x_calc_kernelNaN
-- halo_1rank_kernelNaN
-- tend_x_kernelNaN
-- tend_x_calc_kernelNaN
-- halo_1rank_kernelNaN
-- tend_x_kernelNaN
-- tend_x_calc_kernelNaN
-- halo_z_kernelNaN
-- tend_z_kernelNaN
-- tend_z_calc_kernelNaN
-- halo_z_kernelNaN
-- tend_z_kernelNaN
-- tend_z_calc_kernelNaN
-- halo_z_kernelNaN
-- tend_z_kernelNaN
-- tend_z_calc_kernelNaN
XXXXXXXNaN
-- halo_1rank_kernelNaN
-- tend_x_kernelNaN
-- tend_x_calc_kernelNaN
-- halo_1rank_kernelNaN
-- tend_x_kernelNaN
-- tend_x_calc_kernelNaN
-- halo_1rank_kernelNaN
-- tend_x_kernelNaN
-- tend_x_calc_kernelNaN
-- halo_z_kernelNaN
-- tend_z_kernelNaN
-- tend_z_calc_kernelNaN
-- halo_z_kernelNaN
-- tend_z_kernelNaN
-- tend_z_calc_kernelNaN
-- halo_z_kernelNaN
-- tend_z_kernelNaN
-- tend_z_calc_kernelNaN
XXXXXXXNaN
-- halo_1rank_kernelNaN
-- tend_x_kernelNaN
-- tend_x_calc_kernelNaN
-- halo_1rank_kernelNaN
-- tend_x_kernelNaN
-- tend_x_calc_kernelNaN
-- halo_1rank_kernelNaN
-- tend_x_kernelNaN
-- tend_x_calc_kernelNaN
-- halo_z_kernelNaN
-- tend_z_kernelNaN
-- tend_z_calc_kernelNaN
-- halo_z_kernelNaN
-- tend_z_kernelNaN
-- tend_z_calc_kernelNaN
-- halo_z_kernelNaN
-- tend_z_kernelNaN
-- tend_z_calc_kernelNaN
XXXXXXXNaN
-- halo_1rank_kernelNaN
-- tend_x_kernelNaN
-- tend_x_calc_kernelNaN
-- halo_1rank_kernelNaN
-- tend_x_kernelNaN
-- tend_x_calc_kernelNaN
-- halo_1rank_kernelNaN
-- tend_x_kernelNaN
-- tend_x_calc_kernelNaN
-- halo_z_kernelNaN
-- tend_z_kernelNaN
-- tend_z_calc_kernelNaN
-- halo_z_kernelNaN
-- tend_z_kernelNaN
-- tend_z_calc_kernelNaN
-- halo_z_kernelNaN
-- tend_z_kernelNaN
-- tend_z_calc_kernelNaN
XXXXXXXNaN
-- halo_1rank_kernelNaN
-- tend_x_kernelNaN
-- tend_x_calc_kernelNaN
-- halo_1rank_kernelNaN
-- tend_x_kernelNaN
-- tend_x_calc_kernelNaN
-- halo_1rank_kernelNaN
-- tend_x_kernelNaN
-- tend_x_calc_kernelNaN
-- halo_z_kernelNaN
-- tend_z_kernelNaN
-- tend_z_calc_kernelNaN
-- halo_z_kernelNaN
-- tend_z_kernelNaN
-- tend_z_calc_kernelNaN
-- halo_z_kernelNaN
-- tend_z_kernelNaN
-- tend_z_calc_kernelNaN
XXXXXXXNaN
-- halo_1rank_kernelNaN
-- tend_x_kernelNaN
-- tend_x_calc_kernelNaN
-- halo_1rank_kernelNaN
-- tend_x_kernelNaN
-- tend_x_calc_kernelNaN
-- halo_1rank_kernelNaN
-- tend_x_kernelNaN
-- tend_x_calc_kernelNaN
-- halo_z_kernelNaN
-- tend_z_kernelNaN
-- tend_z_calc_kernelNaN
-- halo_z_kernelNaN
-- tend_z_kernelNaN
-- tend_z_calc_kernelNaN
-- halo_z_kernelNaN
-- tend_z_kernelNaN
-- tend_z_calc_kernelNaN
[40.7% of 100.0]
XXXXXXXNaN
-- halo_1rank_kernelNaN
-- tend_x_kernelNaN
-- tend_x_calc_kernelNaN
-- halo_1rank_kernelNaN
-- tend_x_kernelNaN
-- tend_x_calc_kernelNaN
-- halo_1rank_kernelNaN
-- tend_x_kernelNaN
-- tend_x_calc_kernelNaN
-- halo_z_kernelNaN
-- tend_z_kernelNaN
-- tend_z_calc_kernelNaN
-- halo_z_kernelNaN
-- tend_z_kernelNaN
-- tend_z_calc_kernelNaN
-- halo_z_kernelNaN
-- tend_z_kernelNaN
-- tend_z_calc_kernelNaN
XXXXXXXNaN
-- halo_1rank_kernelNaN
-- tend_x_kernelNaN
-- tend_x_calc_kernelNaN
-- halo_1rank_kernelNaN
-- tend_x_kernelNaN
-- tend_x_calc_kernelNaN
-- halo_1rank_kernelNaN
-- tend_x_kernelNaN
-- tend_x_calc_kernelNaN
-- halo_z_kernelNaN
-- tend_z_kernelNaN
-- tend_z_calc_kernelNaN
-- halo_z_kernelNaN
-- tend_z_kernelNaN
-- tend_z_calc_kernelNaN
-- halo_z_kernelNaN
-- tend_z_kernelNaN
-- tend_z_calc_kernelNaN
XXXXXXXNaN
-- halo_1rank_kernelNaN
-- tend_x_kernelNaN
-- tend_x_calc_kernelNaN
-- halo_1rank_kernelNaN
-- tend_x_kernelNaN
-- tend_x_calc_kernelNaN
-- halo_1rank_kernelNaN
-- tend_x_kernelNaN
-- tend_x_calc_kernelNaN
-- halo_z_kernelNaN
-- tend_z_kernelNaN
-- tend_z_calc_kernelNaN
-- halo_z_kernelNaN
-- tend_z_kernelNaN
-- tend_z_calc_kernelNaN
-- halo_z_kernelNaN
-- tend_z_kernelNaN
-- tend_z_calc_kernelNaN
XXXXXXXNaN
-- halo_1rank_kernelNaN
-- tend_x_kernelNaN
-- tend_x_calc_kernelNaN
-- halo_1rank_kernelNaN
-- tend_x_kernelNaN
-- tend_x_calc_kernelNaN
-- halo_1rank_kernelNaN
-- tend_x_kernelNaN
-- tend_x_calc_kernelNaN
-- halo_z_kernelNaN
-- tend_z_kernelNaN
-- tend_z_calc_kernelNaN
-- halo_z_kernelNaN
-- tend_z_kernelNaN
-- tend_z_calc_kernelNaN
-- halo_z_kernelNaN
-- tend_z_kernelNaN
-- tend_z_calc_kernelNaN
XXXXXXXNaN
-- halo_1rank_kernelNaN
-- tend_x_kernelNaN
-- tend_x_calc_kernelNaN
-- halo_1rank_kernelNaN
-- tend_x_kernelNaN
-- tend_x_calc_kernelNaN
-- halo_1rank_kernelNaN
-- tend_x_kernelNaN
-- tend_x_calc_kernelNaN
-- halo_z_kernelNaN
-- tend_z_kernelNaN
-- tend_z_calc_kernelNaN
-- halo_z_kernelNaN
-- tend_z_kernelNaN
-- tend_z_calc_kernelNaN
-- halo_z_kernelNaN
-- tend_z_kernelNaN
-- tend_z_calc_kernelNaN
XXXXXXXNaN
-- halo_1rank_kernelNaN
-- tend_x_kernelNaN
-- tend_x_calc_kernelNaN
-- halo_1rank_kernelNaN
-- tend_x_kernelNaN
-- tend_x_calc_kernelNaN
-- halo_1rank_kernelNaN
-- tend_x_kernelNaN
-- tend_x_calc_kernelNaN
-- halo_z_kernelNaN
-- tend_z_kernelNaN
-- tend_z_calc_kernelNaN
-- halo_z_kernelNaN
-- tend_z_kernelNaN
-- tend_z_calc_kernelNaN
-- halo_z_kernelNaN
-- tend_z_kernelNaN
-- tend_z_calc_kernelNaN
XXXXXXXNaN
-- halo_1rank_kernelNaN
-- tend_x_kernelNaN
-- tend_x_calc_kernelNaN
-- halo_1rank_kernelNaN
-- tend_x_kernelNaN
-- tend_x_calc_kernelNaN
-- halo_1rank_kernelNaN
-- tend_x_kernelNaN
-- tend_x_calc_kernelNaN
-- halo_z_kernelNaN
-- tend_z_kernelNaN
-- tend_z_calc_kernelNaN
-- halo_z_kernelNaN
-- tend_z_kernelNaN
-- tend_z_calc_kernelNaN
-- halo_z_kernelNaN
-- tend_z_kernelNaN
-- tend_z_calc_kernelNaN
XXXXXXXNaN
-- halo_1rank_kernelNaN
-- tend_x_kernelNaN
-- tend_x_calc_kernelNaN
-- halo_1rank_kernelNaN
-- tend_x_kernelNaN
-- tend_x_calc_kernelNaN
-- halo_1rank_kernelNaN
-- tend_x_kernelNaN
-- tend_x_calc_kernelNaN
-- halo_z_kernelNaN
-- tend_z_kernelNaN
-- tend_z_calc_kernelNaN
-- halo_z_kernelNaN
-- tend_z_kernelNaN
-- tend_z_calc_kernelNaN
-- halo_z_kernelNaN
-- tend_z_kernelNaN
-- tend_z_calc_kernelNaN
XXXXXXXNaN
-- halo_1rank_kernelNaN
-- tend_x_kernelNaN
-- tend_x_calc_kernelNaN
-- halo_1rank_kernelNaN
-- tend_x_kernelNaN
-- tend_x_calc_kernelNaN
-- halo_1rank_kernelNaN
-- tend_x_kernelNaN
-- tend_x_calc_kernelNaN
-- halo_z_kernelNaN
-- tend_z_kernelNaN
-- tend_z_calc_kernelNaN
-- halo_z_kernelNaN
-- tend_z_kernelNaN
-- tend_z_calc_kernelNaN
-- halo_z_kernelNaN
-- tend_z_kernelNaN
-- tend_z_calc_kernelNaN
XXXXXXXNaN
-- halo_1rank_kernelNaN
-- tend_x_kernelNaN
-- tend_x_calc_kernelNaN
-- halo_1rank_kernelNaN
-- tend_x_kernelNaN
-- tend_x_calc_kernelNaN
-- halo_1rank_kernelNaN
-- tend_x_kernelNaN
-- tend_x_calc_kernelNaN
-- halo_z_kernelNaN
-- tend_z_kernelNaN
-- tend_z_calc_kernelNaN
-- halo_z_kernelNaN
-- tend_z_kernelNaN
-- tend_z_calc_kernelNaN
-- halo_z_kernelNaN
-- tend_z_kernelNaN
-- tend_z_calc_kernelNaN
XXXXXXXNaN
-- halo_1rank_kernelNaN
-- tend_x_kernelNaN
-- tend_x_calc_kernelNaN
-- halo_1rank_kernelNaN
-- tend_x_kernelNaN
-- tend_x_calc_kernelNaN
-- halo_1rank_kernelNaN
-- tend_x_kernelNaN
-- tend_x_calc_kernelNaN
-- halo_z_kernelNaN
-- tend_z_kernelNaN
-- tend_z_calc_kernelNaN
-- halo_z_kernelNaN
-- tend_z_kernelNaN
-- tend_z_calc_kernelNaN
-- halo_z_kernelNaN
-- tend_z_kernelNaN
-- tend_z_calc_kernelNaN
XXXXXXXNaN
-- halo_1rank_kernelNaN
-- tend_x_kernelNaN
-- tend_x_calc_kernelNaN
-- halo_1rank_kernelNaN
-- tend_x_kernelNaN
-- tend_x_calc_kernelNaN
-- halo_1rank_kernelNaN
-- tend_x_kernelNaN
-- tend_x_calc_kernelNaN
-- halo_z_kernelNaN
-- tend_z_kernelNaN
-- tend_z_calc_kernelNaN
-- halo_z_kernelNaN
-- tend_z_kernelNaN
-- tend_z_calc_kernelNaN
-- halo_z_kernelNaN
-- tend_z_kernelNaN
-- tend_z_calc_kernelNaN
XXXXXXXNaN
-- halo_1rank_kernelNaN
-- tend_x_kernelNaN
-- tend_x_calc_kernelNaN
-- halo_1rank_kernelNaN
-- tend_x_kernelNaN
-- tend_x_calc_kernelNaN
-- halo_1rank_kernelNaN
-- tend_x_kernelNaN
-- tend_x_calc_kernelNaN
-- halo_z_kernelNaN
-- tend_z_kernelNaN
-- tend_z_calc_kernelNaN
-- halo_z_kernelNaN
-- tend_z_kernelNaN
-- tend_z_calc_kernelNaN
-- halo_z_kernelNaN
-- tend_z_kernelNaN
-- tend_z_calc_kernelNaN
XXXXXXXNaN
-- halo_1rank_kernelNaN
-- tend_x_kernelNaN
-- tend_x_calc_kernelNaN
-- halo_1rank_kernelNaN
-- tend_x_kernelNaN
-- tend_x_calc_kernelNaN
-- halo_1rank_kernelNaN
-- tend_x_kernelNaN
-- tend_x_calc_kernelNaN
-- halo_z_kernelNaN
-- tend_z_kernelNaN
-- tend_z_calc_kernelNaN
-- halo_z_kernelNaN
-- tend_z_kernelNaN
-- tend_z_calc_kernelNaN
-- halo_z_kernelNaN
-- tend_z_kernelNaN
-- tend_z_calc_kernelNaN
XXXXXXXNaN
-- halo_1rank_kernelNaN
-- tend_x_kernelNaN
-- tend_x_calc_kernelNaN
-- halo_1rank_kernelNaN
-- tend_x_kernelNaN
-- tend_x_calc_kernelNaN
-- halo_1rank_kernelNaN
-- tend_x_kernelNaN
-- tend_x_calc_kernelNaN
-- halo_z_kernelNaN
-- tend_z_kernelNaN
-- tend_z_calc_kernelNaN
-- halo_z_kernelNaN
-- tend_z_kernelNaN
-- tend_z_calc_kernelNaN
-- halo_z_kernelNaN
-- tend_z_kernelNaN
-- tend_z_calc_kernelNaN
[50.7% of 100.0]
XXXXXXXNaN
-- halo_1rank_kernelNaN
-- tend_x_kernelNaN
-- tend_x_calc_kernelNaN
-- halo_1rank_kernelNaN
-- tend_x_kernelNaN
-- tend_x_calc_kernelNaN
-- halo_1rank_kernelNaN
-- tend_x_kernelNaN
-- tend_x_calc_kernelNaN
-- halo_z_kernelNaN
-- tend_z_kernelNaN
-- tend_z_calc_kernelNaN
-- halo_z_kernelNaN
-- tend_z_kernelNaN
-- tend_z_calc_kernelNaN
-- halo_z_kernelNaN
-- tend_z_kernelNaN
-- tend_z_calc_kernelNaN
XXXXXXXNaN
-- halo_1rank_kernelNaN
-- tend_x_kernelNaN
-- tend_x_calc_kernelNaN
-- halo_1rank_kernelNaN
-- tend_x_kernelNaN
-- tend_x_calc_kernelNaN
-- halo_1rank_kernelNaN
-- tend_x_kernelNaN
-- tend_x_calc_kernelNaN
-- halo_z_kernelNaN
-- tend_z_kernelNaN
-- tend_z_calc_kernelNaN
-- halo_z_kernelNaN
-- tend_z_kernelNaN
-- tend_z_calc_kernelNaN
-- halo_z_kernelNaN
-- tend_z_kernelNaN
-- tend_z_calc_kernelNaN
XXXXXXXNaN
-- halo_1rank_kernelNaN
-- tend_x_kernelNaN
-- tend_x_calc_kernelNaN
-- halo_1rank_kernelNaN
-- tend_x_kernelNaN
-- tend_x_calc_kernelNaN
-- halo_1rank_kernelNaN
-- tend_x_kernelNaN
-- tend_x_calc_kernelNaN
-- halo_z_kernelNaN
-- tend_z_kernelNaN
-- tend_z_calc_kernelNaN
-- halo_z_kernelNaN
-- tend_z_kernelNaN
-- tend_z_calc_kernelNaN
-- halo_z_kernelNaN
-- tend_z_kernelNaN
-- tend_z_calc_kernelNaN
XXXXXXXNaN
-- halo_1rank_kernelNaN
-- tend_x_kernelNaN
-- tend_x_calc_kernelNaN
-- halo_1rank_kernelNaN
-- tend_x_kernelNaN
-- tend_x_calc_kernelNaN
-- halo_1rank_kernelNaN
-- tend_x_kernelNaN
-- tend_x_calc_kernelNaN
-- halo_z_kernelNaN
-- tend_z_kernelNaN
-- tend_z_calc_kernelNaN
-- halo_z_kernelNaN
-- tend_z_kernelNaN
-- tend_z_calc_kernelNaN
-- halo_z_kernelNaN
-- tend_z_kernelNaN
-- tend_z_calc_kernelNaN
XXXXXXXNaN
-- halo_1rank_kernelNaN
-- tend_x_kernelNaN
-- tend_x_calc_kernelNaN
-- halo_1rank_kernelNaN
-- tend_x_kernelNaN
-- tend_x_calc_kernelNaN
-- halo_1rank_kernelNaN
-- tend_x_kernelNaN
-- tend_x_calc_kernelNaN
-- halo_z_kernelNaN
-- tend_z_kernelNaN
-- tend_z_calc_kernelNaN
-- halo_z_kernelNaN
-- tend_z_kernelNaN
-- tend_z_calc_kernelNaN
-- halo_z_kernelNaN
-- tend_z_kernelNaN
-- tend_z_calc_kernelNaN
XXXXXXXNaN
-- halo_1rank_kernelNaN
-- tend_x_kernelNaN
-- tend_x_calc_kernelNaN
-- halo_1rank_kernelNaN
-- tend_x_kernelNaN
-- tend_x_calc_kernelNaN
-- halo_1rank_kernelNaN
-- tend_x_kernelNaN
-- tend_x_calc_kernelNaN
-- halo_z_kernelNaN
-- tend_z_kernelNaN
-- tend_z_calc_kernelNaN
-- halo_z_kernelNaN
-- tend_z_kernelNaN
-- tend_z_calc_kernelNaN
-- halo_z_kernelNaN
-- tend_z_kernelNaN
-- tend_z_calc_kernelNaN
XXXXXXXNaN
-- halo_1rank_kernelNaN
-- tend_x_kernelNaN
-- tend_x_calc_kernelNaN
-- halo_1rank_kernelNaN
-- tend_x_kernelNaN
-- tend_x_calc_kernelNaN
-- halo_1rank_kernelNaN
-- tend_x_kernelNaN
-- tend_x_calc_kernelNaN
-- halo_z_kernelNaN
-- tend_z_kernelNaN
-- tend_z_calc_kernelNaN
-- halo_z_kernelNaN
-- tend_z_kernelNaN
-- tend_z_calc_kernelNaN
-- halo_z_kernelNaN
-- tend_z_kernelNaN
-- tend_z_calc_kernelNaN
XXXXXXXNaN
-- halo_1rank_kernelNaN
-- tend_x_kernelNaN
-- tend_x_calc_kernelNaN
-- halo_1rank_kernelNaN
-- tend_x_kernelNaN
-- tend_x_calc_kernelNaN
-- halo_1rank_kernelNaN
-- tend_x_kernelNaN
-- tend_x_calc_kernelNaN
-- halo_z_kernelNaN
-- tend_z_kernelNaN
-- tend_z_calc_kernelNaN
-- halo_z_kernelNaN
-- tend_z_kernelNaN
-- tend_z_calc_kernelNaN
-- halo_z_kernelNaN
-- tend_z_kernelNaN
-- tend_z_calc_kernelNaN
XXXXXXXNaN
-- halo_1rank_kernelNaN
-- tend_x_kernelNaN
-- tend_x_calc_kernelNaN
-- halo_1rank_kernelNaN
-- tend_x_kernelNaN
-- tend_x_calc_kernelNaN
-- halo_1rank_kernelNaN
-- tend_x_kernelNaN
-- tend_x_calc_kernelNaN
-- halo_z_kernelNaN
-- tend_z_kernelNaN
-- tend_z_calc_kernelNaN
-- halo_z_kernelNaN
-- tend_z_kernelNaN
-- tend_z_calc_kernelNaN
-- halo_z_kernelNaN
-- tend_z_kernelNaN
-- tend_z_calc_kernelNaN
XXXXXXXNaN
-- halo_1rank_kernelNaN
-- tend_x_kernelNaN
-- tend_x_calc_kernelNaN
-- halo_1rank_kernelNaN
-- tend_x_kernelNaN
-- tend_x_calc_kernelNaN
-- halo_1rank_kernelNaN
-- tend_x_kernelNaN
-- tend_x_calc_kernelNaN
-- halo_z_kernelNaN
-- tend_z_kernelNaN
-- tend_z_calc_kernelNaN
-- halo_z_kernelNaN
-- tend_z_kernelNaN
-- tend_z_calc_kernelNaN
-- halo_z_kernelNaN
-- tend_z_kernelNaN
-- tend_z_calc_kernelNaN
XXXXXXXNaN
-- halo_1rank_kernelNaN
-- tend_x_kernelNaN
-- tend_x_calc_kernelNaN
-- halo_1rank_kernelNaN
-- tend_x_kernelNaN
-- tend_x_calc_kernelNaN
-- halo_1rank_kernelNaN
-- tend_x_kernelNaN
-- tend_x_calc_kernelNaN
-- halo_z_kernelNaN
-- tend_z_kernelNaN
-- tend_z_calc_kernelNaN
-- halo_z_kernelNaN
-- tend_z_kernelNaN
-- tend_z_calc_kernelNaN
-- halo_z_kernelNaN
-- tend_z_kernelNaN
-- tend_z_calc_kernelNaN
XXXXXXXNaN
-- halo_1rank_kernelNaN
-- tend_x_kernelNaN
-- tend_x_calc_kernelNaN
-- halo_1rank_kernelNaN
-- tend_x_kernelNaN
-- tend_x_calc_kernelNaN
-- halo_1rank_kernelNaN
-- tend_x_kernelNaN
-- tend_x_calc_kernelNaN
-- halo_z_kernelNaN
-- tend_z_kernelNaN
-- tend_z_calc_kernelNaN
-- halo_z_kernelNaN
-- tend_z_kernelNaN
-- tend_z_calc_kernelNaN
-- halo_z_kernelNaN
-- tend_z_kernelNaN
-- tend_z_calc_kernelNaN
XXXXXXXNaN
-- halo_1rank_kernelNaN
-- tend_x_kernelNaN
-- tend_x_calc_kernelNaN
-- halo_1rank_kernelNaN
-- tend_x_kernelNaN
-- tend_x_calc_kernelNaN
-- halo_1rank_kernelNaN
-- tend_x_kernelNaN
-- tend_x_calc_kernelNaN
-- halo_z_kernelNaN
-- tend_z_kernelNaN
-- tend_z_calc_kernelNaN
-- halo_z_kernelNaN
-- tend_z_kernelNaN
-- tend_z_calc_kernelNaN
-- halo_z_kernelNaN
-- tend_z_kernelNaN
-- tend_z_calc_kernelNaN
XXXXXXXNaN
-- halo_1rank_kernelNaN
-- tend_x_kernelNaN
-- tend_x_calc_kernelNaN
-- halo_1rank_kernelNaN
-- tend_x_kernelNaN
-- tend_x_calc_kernelNaN
-- halo_1rank_kernelNaN
-- tend_x_kernelNaN
-- tend_x_calc_kernelNaN
-- halo_z_kernelNaN
-- tend_z_kernelNaN
-- tend_z_calc_kernelNaN
-- halo_z_kernelNaN
-- tend_z_kernelNaN
-- tend_z_calc_kernelNaN
-- halo_z_kernelNaN
-- tend_z_kernelNaN
-- tend_z_calc_kernelNaN
XXXXXXXNaN
-- halo_1rank_kernelNaN
-- tend_x_kernelNaN
-- tend_x_calc_kernelNaN
-- halo_1rank_kernelNaN
-- tend_x_kernelNaN
-- tend_x_calc_kernelNaN
-- halo_1rank_kernelNaN
-- tend_x_kernelNaN
-- tend_x_calc_kernelNaN
-- halo_z_kernelNaN
-- tend_z_kernelNaN
-- tend_z_calc_kernelNaN
-- halo_z_kernelNaN
-- tend_z_kernelNaN
-- tend_z_calc_kernelNaN
-- halo_z_kernelNaN
-- tend_z_kernelNaN
-- tend_z_calc_kernelNaN
[60.7% of 100.0]
XXXXXXXNaN
-- halo_1rank_kernelNaN
-- tend_x_kernelNaN
-- tend_x_calc_kernelNaN
-- halo_1rank_kernelNaN
-- tend_x_kernelNaN
-- tend_x_calc_kernelNaN
-- halo_1rank_kernelNaN
-- tend_x_kernelNaN
-- tend_x_calc_kernelNaN
-- halo_z_kernelNaN
-- tend_z_kernelNaN
-- tend_z_calc_kernelNaN
-- halo_z_kernelNaN
-- tend_z_kernelNaN
-- tend_z_calc_kernelNaN
-- halo_z_kernelNaN
-- tend_z_kernelNaN
-- tend_z_calc_kernelNaN
XXXXXXXNaN
-- halo_1rank_kernelNaN
-- tend_x_kernelNaN
-- tend_x_calc_kernelNaN
-- halo_1rank_kernelNaN
-- tend_x_kernelNaN
-- tend_x_calc_kernelNaN
-- halo_1rank_kernelNaN
-- tend_x_kernelNaN
-- tend_x_calc_kernelNaN
-- halo_z_kernelNaN
-- tend_z_kernelNaN
-- tend_z_calc_kernelNaN
-- halo_z_kernelNaN
-- tend_z_kernelNaN
-- tend_z_calc_kernelNaN
-- halo_z_kernelNaN
-- tend_z_kernelNaN
-- tend_z_calc_kernelNaN
XXXXXXXNaN
-- halo_1rank_kernelNaN
-- tend_x_kernelNaN
-- tend_x_calc_kernelNaN
-- halo_1rank_kernelNaN
-- tend_x_kernelNaN
-- tend_x_calc_kernelNaN
-- halo_1rank_kernelNaN
-- tend_x_kernelNaN
-- tend_x_calc_kernelNaN
-- halo_z_kernelNaN
-- tend_z_kernelNaN
-- tend_z_calc_kernelNaN
-- halo_z_kernelNaN
-- tend_z_kernelNaN
-- tend_z_calc_kernelNaN
-- halo_z_kernelNaN
-- tend_z_kernelNaN
-- tend_z_calc_kernelNaN
XXXXXXXNaN
-- halo_1rank_kernelNaN
-- tend_x_kernelNaN
-- tend_x_calc_kernelNaN
-- halo_1rank_kernelNaN
-- tend_x_kernelNaN
-- tend_x_calc_kernelNaN
-- halo_1rank_kernelNaN
-- tend_x_kernelNaN
-- tend_x_calc_kernelNaN
-- halo_z_kernelNaN
-- tend_z_kernelNaN
-- tend_z_calc_kernelNaN
-- halo_z_kernelNaN
-- tend_z_kernelNaN
-- tend_z_calc_kernelNaN
-- halo_z_kernelNaN
-- tend_z_kernelNaN
-- tend_z_calc_kernelNaN
XXXXXXXNaN
-- halo_1rank_kernelNaN
-- tend_x_kernelNaN
-- tend_x_calc_kernelNaN
-- halo_1rank_kernelNaN
-- tend_x_kernelNaN
-- tend_x_calc_kernelNaN
-- halo_1rank_kernelNaN
-- tend_x_kernelNaN
-- tend_x_calc_kernelNaN
-- halo_z_kernelNaN
-- tend_z_kernelNaN
-- tend_z_calc_kernelNaN
-- halo_z_kernelNaN
-- tend_z_kernelNaN
-- tend_z_calc_kernelNaN
-- halo_z_kernelNaN
-- tend_z_kernelNaN
-- tend_z_calc_kernelNaN
XXXXXXXNaN
-- halo_1rank_kernelNaN
-- tend_x_kernelNaN
-- tend_x_calc_kernelNaN
-- halo_1rank_kernelNaN
-- tend_x_kernelNaN
-- tend_x_calc_kernelNaN
-- halo_1rank_kernelNaN
-- tend_x_kernelNaN
-- tend_x_calc_kernelNaN
-- halo_z_kernelNaN
-- tend_z_kernelNaN
-- tend_z_calc_kernelNaN
-- halo_z_kernelNaN
-- tend_z_kernelNaN
-- tend_z_calc_kernelNaN
-- halo_z_kernelNaN
-- tend_z_kernelNaN
-- tend_z_calc_kernelNaN
XXXXXXXNaN
-- halo_1rank_kernelNaN
-- tend_x_kernelNaN
-- tend_x_calc_kernelNaN
-- halo_1rank_kernelNaN
-- tend_x_kernelNaN
-- tend_x_calc_kernelNaN
-- halo_1rank_kernelNaN
-- tend_x_kernelNaN
-- tend_x_calc_kernelNaN
-- halo_z_kernelNaN
-- tend_z_kernelNaN
-- tend_z_calc_kernelNaN
-- halo_z_kernelNaN
-- tend_z_kernelNaN
-- tend_z_calc_kernelNaN
-- halo_z_kernelNaN
-- tend_z_kernelNaN
-- tend_z_calc_kernelNaN
XXXXXXXNaN
-- halo_1rank_kernelNaN
-- tend_x_kernelNaN
-- tend_x_calc_kernelNaN
-- halo_1rank_kernelNaN
-- tend_x_kernelNaN
-- tend_x_calc_kernelNaN
-- halo_1rank_kernelNaN
-- tend_x_kernelNaN
-- tend_x_calc_kernelNaN
-- halo_z_kernelNaN
-- tend_z_kernelNaN
-- tend_z_calc_kernelNaN
-- halo_z_kernelNaN
-- tend_z_kernelNaN
-- tend_z_calc_kernelNaN
-- halo_z_kernelNaN
-- tend_z_kernelNaN
-- tend_z_calc_kernelNaN
XXXXXXXNaN
-- halo_1rank_kernelNaN
-- tend_x_kernelNaN
-- tend_x_calc_kernelNaN
-- halo_1rank_kernelNaN
-- tend_x_kernelNaN
-- tend_x_calc_kernelNaN
-- halo_1rank_kernelNaN
-- tend_x_kernelNaN
-- tend_x_calc_kernelNaN
-- halo_z_kernelNaN
-- tend_z_kernelNaN
-- tend_z_calc_kernelNaN
-- halo_z_kernelNaN
-- tend_z_kernelNaN
-- tend_z_calc_kernelNaN
-- halo_z_kernelNaN
-- tend_z_kernelNaN
-- tend_z_calc_kernelNaN
XXXXXXXNaN
-- halo_1rank_kernelNaN
-- tend_x_kernelNaN
-- tend_x_calc_kernelNaN
-- halo_1rank_kernelNaN
-- tend_x_kernelNaN
-- tend_x_calc_kernelNaN
-- halo_1rank_kernelNaN
-- tend_x_kernelNaN
-- tend_x_calc_kernelNaN
-- halo_z_kernelNaN
-- tend_z_kernelNaN
-- tend_z_calc_kernelNaN
-- halo_z_kernelNaN
-- tend_z_kernelNaN
-- tend_z_calc_kernelNaN
-- halo_z_kernelNaN
-- tend_z_kernelNaN
-- tend_z_calc_kernelNaN
XXXXXXXNaN
-- halo_1rank_kernelNaN
-- tend_x_kernelNaN
-- tend_x_calc_kernelNaN
-- halo_1rank_kernelNaN
-- tend_x_kernelNaN
-- tend_x_calc_kernelNaN
-- halo_1rank_kernelNaN
-- tend_x_kernelNaN
-- tend_x_calc_kernelNaN
-- halo_z_kernelNaN
-- tend_z_kernelNaN
-- tend_z_calc_kernelNaN
-- halo_z_kernelNaN
-- tend_z_kernelNaN
-- tend_z_calc_kernelNaN
-- halo_z_kernelNaN
-- tend_z_kernelNaN
-- tend_z_calc_kernelNaN
XXXXXXXNaN
-- halo_1rank_kernelNaN
-- tend_x_kernelNaN
-- tend_x_calc_kernelNaN
-- halo_1rank_kernelNaN
-- tend_x_kernelNaN
-- tend_x_calc_kernelNaN
-- halo_1rank_kernelNaN
-- tend_x_kernelNaN
-- tend_x_calc_kernelNaN
-- halo_z_kernelNaN
-- tend_z_kernelNaN
-- tend_z_calc_kernelNaN
-- halo_z_kernelNaN
-- tend_z_kernelNaN
-- tend_z_calc_kernelNaN
-- halo_z_kernelNaN
-- tend_z_kernelNaN
-- tend_z_calc_kernelNaN
XXXXXXXNaN
-- halo_1rank_kernelNaN
-- tend_x_kernelNaN
-- tend_x_calc_kernelNaN
-- halo_1rank_kernelNaN
-- tend_x_kernelNaN
-- tend_x_calc_kernelNaN
-- halo_1rank_kernelNaN
-- tend_x_kernelNaN
-- tend_x_calc_kernelNaN
-- halo_z_kernelNaN
-- tend_z_kernelNaN
-- tend_z_calc_kernelNaN
-- halo_z_kernelNaN
-- tend_z_kernelNaN
-- tend_z_calc_kernelNaN
-- halo_z_kernelNaN
-- tend_z_kernelNaN
-- tend_z_calc_kernelNaN
XXXXXXXNaN
-- halo_1rank_kernelNaN
-- tend_x_kernelNaN
-- tend_x_calc_kernelNaN
-- halo_1rank_kernelNaN
-- tend_x_kernelNaN
-- tend_x_calc_kernelNaN
-- halo_1rank_kernelNaN
-- tend_x_kernelNaN
-- tend_x_calc_kernelNaN
-- halo_z_kernelNaN
-- tend_z_kernelNaN
-- tend_z_calc_kernelNaN
-- halo_z_kernelNaN
-- tend_z_kernelNaN
-- tend_z_calc_kernelNaN
-- halo_z_kernelNaN
-- tend_z_kernelNaN
-- tend_z_calc_kernelNaN
XXXXXXXNaN
-- halo_1rank_kernelNaN
-- tend_x_kernelNaN
-- tend_x_calc_kernelNaN
-- halo_1rank_kernelNaN
-- tend_x_kernelNaN
-- tend_x_calc_kernelNaN
-- halo_1rank_kernelNaN
-- tend_x_kernelNaN
-- tend_x_calc_kernelNaN
-- halo_z_kernelNaN
-- tend_z_kernelNaN
-- tend_z_calc_kernelNaN
-- halo_z_kernelNaN
-- tend_z_kernelNaN
-- tend_z_calc_kernelNaN
-- halo_z_kernelNaN
-- tend_z_kernelNaN
-- tend_z_calc_kernelNaN
[70.7% of 100.0]
XXXXXXXNaN
-- halo_1rank_kernelNaN
-- tend_x_kernelNaN
-- tend_x_calc_kernelNaN
-- halo_1rank_kernelNaN
-- tend_x_kernelNaN
-- tend_x_calc_kernelNaN
-- halo_1rank_kernelNaN
-- tend_x_kernelNaN
-- tend_x_calc_kernelNaN
-- halo_z_kernelNaN
-- tend_z_kernelNaN
-- tend_z_calc_kernelNaN
-- halo_z_kernelNaN
-- tend_z_kernelNaN
-- tend_z_calc_kernelNaN
-- halo_z_kernelNaN
-- tend_z_kernelNaN
-- tend_z_calc_kernelNaN
XXXXXXXNaN
-- halo_1rank_kernelNaN
-- tend_x_kernelNaN
-- tend_x_calc_kernelNaN
-- halo_1rank_kernelNaN
-- tend_x_kernelNaN
-- tend_x_calc_kernelNaN
-- halo_1rank_kernelNaN
-- tend_x_kernelNaN
-- tend_x_calc_kernelNaN
-- halo_z_kernelNaN
-- tend_z_kernelNaN
-- tend_z_calc_kernelNaN
-- halo_z_kernelNaN
-- tend_z_kernelNaN
-- tend_z_calc_kernelNaN
-- halo_z_kernelNaN
-- tend_z_kernelNaN
-- tend_z_calc_kernelNaN
XXXXXXXNaN
-- halo_1rank_kernelNaN
-- tend_x_kernelNaN
-- tend_x_calc_kernelNaN
-- halo_1rank_kernelNaN
-- tend_x_kernelNaN
-- tend_x_calc_kernelNaN
-- halo_1rank_kernelNaN
-- tend_x_kernelNaN
-- tend_x_calc_kernelNaN
-- halo_z_kernelNaN
-- tend_z_kernelNaN
-- tend_z_calc_kernelNaN
-- halo_z_kernelNaN
-- tend_z_kernelNaN
-- tend_z_calc_kernelNaN
-- halo_z_kernelNaN
-- tend_z_kernelNaN
-- tend_z_calc_kernelNaN
XXXXXXXNaN
-- halo_1rank_kernelNaN
-- tend_x_kernelNaN
-- tend_x_calc_kernelNaN
-- halo_1rank_kernelNaN
-- tend_x_kernelNaN
-- tend_x_calc_kernelNaN
-- halo_1rank_kernelNaN
-- tend_x_kernelNaN
-- tend_x_calc_kernelNaN
-- halo_z_kernelNaN
-- tend_z_kernelNaN
-- tend_z_calc_kernelNaN
-- halo_z_kernelNaN
-- tend_z_kernelNaN
-- tend_z_calc_kernelNaN
-- halo_z_kernelNaN
-- tend_z_kernelNaN
-- tend_z_calc_kernelNaN
XXXXXXXNaN
-- halo_1rank_kernelNaN
-- tend_x_kernelNaN
-- tend_x_calc_kernelNaN
-- halo_1rank_kernelNaN
-- tend_x_kernelNaN
-- tend_x_calc_kernelNaN
-- halo_1rank_kernelNaN
-- tend_x_kernelNaN
-- tend_x_calc_kernelNaN
-- halo_z_kernelNaN
-- tend_z_kernelNaN
-- tend_z_calc_kernelNaN
-- halo_z_kernelNaN
-- tend_z_kernelNaN
-- tend_z_calc_kernelNaN
-- halo_z_kernelNaN
-- tend_z_kernelNaN
-- tend_z_calc_kernelNaN
XXXXXXXNaN
-- halo_1rank_kernelNaN
-- tend_x_kernelNaN
-- tend_x_calc_kernelNaN
-- halo_1rank_kernelNaN
-- tend_x_kernelNaN
-- tend_x_calc_kernelNaN
-- halo_1rank_kernelNaN
-- tend_x_kernelNaN
-- tend_x_calc_kernelNaN
-- halo_z_kernelNaN
-- tend_z_kernelNaN
-- tend_z_calc_kernelNaN
-- halo_z_kernelNaN
-- tend_z_kernelNaN
-- tend_z_calc_kernelNaN
-- halo_z_kernelNaN
-- tend_z_kernelNaN
-- tend_z_calc_kernelNaN
XXXXXXXNaN
-- halo_1rank_kernelNaN
-- tend_x_kernelNaN
-- tend_x_calc_kernelNaN
-- halo_1rank_kernelNaN
-- tend_x_kernelNaN
-- tend_x_calc_kernelNaN
-- halo_1rank_kernelNaN
-- tend_x_kernelNaN
-- tend_x_calc_kernelNaN
-- halo_z_kernelNaN
-- tend_z_kernelNaN
-- tend_z_calc_kernelNaN
-- halo_z_kernelNaN
-- tend_z_kernelNaN
-- tend_z_calc_kernelNaN
-- halo_z_kernelNaN
-- tend_z_kernelNaN
-- tend_z_calc_kernelNaN
XXXXXXXNaN
-- halo_1rank_kernelNaN
-- tend_x_kernelNaN
-- tend_x_calc_kernelNaN
-- halo_1rank_kernelNaN
-- tend_x_kernelNaN
-- tend_x_calc_kernelNaN
-- halo_1rank_kernelNaN
-- tend_x_kernelNaN
-- tend_x_calc_kernelNaN
-- halo_z_kernelNaN
-- tend_z_kernelNaN
-- tend_z_calc_kernelNaN
-- halo_z_kernelNaN
-- tend_z_kernelNaN
-- tend_z_calc_kernelNaN
-- halo_z_kernelNaN
-- tend_z_kernelNaN
-- tend_z_calc_kernelNaN
XXXXXXXNaN
-- halo_1rank_kernelNaN
-- tend_x_kernelNaN
-- tend_x_calc_kernelNaN
-- halo_1rank_kernelNaN
-- tend_x_kernelNaN
-- tend_x_calc_kernelNaN
-- halo_1rank_kernelNaN
-- tend_x_kernelNaN
-- tend_x_calc_kernelNaN
-- halo_z_kernelNaN
-- tend_z_kernelNaN
-- tend_z_calc_kernelNaN
-- halo_z_kernelNaN
-- tend_z_kernelNaN
-- tend_z_calc_kernelNaN
-- halo_z_kernelNaN
-- tend_z_kernelNaN
-- tend_z_calc_kernelNaN
XXXXXXXNaN
-- halo_1rank_kernelNaN
-- tend_x_kernelNaN
-- tend_x_calc_kernelNaN
-- halo_1rank_kernelNaN
-- tend_x_kernelNaN
-- tend_x_calc_kernelNaN
-- halo_1rank_kernelNaN
-- tend_x_kernelNaN
-- tend_x_calc_kernelNaN
-- halo_z_kernelNaN
-- tend_z_kernelNaN
-- tend_z_calc_kernelNaN
-- halo_z_kernelNaN
-- tend_z_kernelNaN
-- tend_z_calc_kernelNaN
-- halo_z_kernelNaN
-- tend_z_kernelNaN
-- tend_z_calc_kernelNaN
XXXXXXXNaN
-- halo_1rank_kernelNaN
-- tend_x_kernelNaN
-- tend_x_calc_kernelNaN
-- halo_1rank_kernelNaN
-- tend_x_kernelNaN
-- tend_x_calc_kernelNaN
-- halo_1rank_kernelNaN
-- tend_x_kernelNaN
-- tend_x_calc_kernelNaN
-- halo_z_kernelNaN
-- tend_z_kernelNaN
-- tend_z_calc_kernelNaN
-- halo_z_kernelNaN
-- tend_z_kernelNaN
-- tend_z_calc_kernelNaN
-- halo_z_kernelNaN
-- tend_z_kernelNaN
-- tend_z_calc_kernelNaN
XXXXXXXNaN
-- halo_1rank_kernelNaN
-- tend_x_kernelNaN
-- tend_x_calc_kernelNaN
-- halo_1rank_kernelNaN
-- tend_x_kernelNaN
-- tend_x_calc_kernelNaN
-- halo_1rank_kernelNaN
-- tend_x_kernelNaN
-- tend_x_calc_kernelNaN
-- halo_z_kernelNaN
-- tend_z_kernelNaN
-- tend_z_calc_kernelNaN
-- halo_z_kernelNaN
-- tend_z_kernelNaN
-- tend_z_calc_kernelNaN
-- halo_z_kernelNaN
-- tend_z_kernelNaN
-- tend_z_calc_kernelNaN
XXXXXXXNaN
-- halo_1rank_kernelNaN
-- tend_x_kernelNaN
-- tend_x_calc_kernelNaN
-- halo_1rank_kernelNaN
-- tend_x_kernelNaN
-- tend_x_calc_kernelNaN
-- halo_1rank_kernelNaN
-- tend_x_kernelNaN
-- tend_x_calc_kernelNaN
-- halo_z_kernelNaN
-- tend_z_kernelNaN
-- tend_z_calc_kernelNaN
-- halo_z_kernelNaN
-- tend_z_kernelNaN
-- tend_z_calc_kernelNaN
-- halo_z_kernelNaN
-- tend_z_kernelNaN
-- tend_z_calc_kernelNaN
XXXXXXXNaN
-- halo_1rank_kernelNaN
-- tend_x_kernelNaN
-- tend_x_calc_kernelNaN
-- halo_1rank_kernelNaN
-- tend_x_kernelNaN
-- tend_x_calc_kernelNaN
-- halo_1rank_kernelNaN
-- tend_x_kernelNaN
-- tend_x_calc_kernelNaN
-- halo_z_kernelNaN
-- tend_z_kernelNaN
-- tend_z_calc_kernelNaN
-- halo_z_kernelNaN
-- tend_z_kernelNaN
-- tend_z_calc_kernelNaN
-- halo_z_kernelNaN
-- tend_z_kernelNaN
-- tend_z_calc_kernelNaN
XXXXXXXNaN
-- halo_1rank_kernelNaN
-- tend_x_kernelNaN
-- tend_x_calc_kernelNaN
-- halo_1rank_kernelNaN
-- tend_x_kernelNaN
-- tend_x_calc_kernelNaN
-- halo_1rank_kernelNaN
-- tend_x_kernelNaN
-- tend_x_calc_kernelNaN
-- halo_z_kernelNaN
-- tend_z_kernelNaN
-- tend_z_calc_kernelNaN
-- halo_z_kernelNaN
-- tend_z_kernelNaN
-- tend_z_calc_kernelNaN
-- halo_z_kernelNaN
-- tend_z_kernelNaN
-- tend_z_calc_kernelNaN
[80.7% of 100.0]
XXXXXXXNaN
-- halo_1rank_kernelNaN
-- tend_x_kernelNaN
-- tend_x_calc_kernelNaN
-- halo_1rank_kernelNaN
-- tend_x_kernelNaN
-- tend_x_calc_kernelNaN
-- halo_1rank_kernelNaN
-- tend_x_kernelNaN
-- tend_x_calc_kernelNaN
-- halo_z_kernelNaN
-- tend_z_kernelNaN
-- tend_z_calc_kernelNaN
-- halo_z_kernelNaN
-- tend_z_kernelNaN
-- tend_z_calc_kernelNaN
-- halo_z_kernelNaN
-- tend_z_kernelNaN
-- tend_z_calc_kernelNaN
XXXXXXXNaN
-- halo_1rank_kernelNaN
-- tend_x_kernelNaN
-- tend_x_calc_kernelNaN
-- halo_1rank_kernelNaN
-- tend_x_kernelNaN
-- tend_x_calc_kernelNaN
-- halo_1rank_kernelNaN
-- tend_x_kernelNaN
-- tend_x_calc_kernelNaN
-- halo_z_kernelNaN
-- tend_z_kernelNaN
-- tend_z_calc_kernelNaN
-- halo_z_kernelNaN
-- tend_z_kernelNaN
-- tend_z_calc_kernelNaN
-- halo_z_kernelNaN
-- tend_z_kernelNaN
-- tend_z_calc_kernelNaN
XXXXXXXNaN
-- halo_1rank_kernelNaN
-- tend_x_kernelNaN
-- tend_x_calc_kernelNaN
-- halo_1rank_kernelNaN
-- tend_x_kernelNaN
-- tend_x_calc_kernelNaN
-- halo_1rank_kernelNaN
-- tend_x_kernelNaN
-- tend_x_calc_kernelNaN
-- halo_z_kernelNaN
-- tend_z_kernelNaN
-- tend_z_calc_kernelNaN
-- halo_z_kernelNaN
-- tend_z_kernelNaN
-- tend_z_calc_kernelNaN
-- halo_z_kernelNaN
-- tend_z_kernelNaN
-- tend_z_calc_kernelNaN
XXXXXXXNaN
-- halo_1rank_kernelNaN
-- tend_x_kernelNaN
-- tend_x_calc_kernelNaN
-- halo_1rank_kernelNaN
-- tend_x_kernelNaN
-- tend_x_calc_kernelNaN
-- halo_1rank_kernelNaN
-- tend_x_kernelNaN
-- tend_x_calc_kernelNaN
-- halo_z_kernelNaN
-- tend_z_kernelNaN
-- tend_z_calc_kernelNaN
-- halo_z_kernelNaN
-- tend_z_kernelNaN
-- tend_z_calc_kernelNaN
-- halo_z_kernelNaN
-- tend_z_kernelNaN
-- tend_z_calc_kernelNaN
XXXXXXXNaN
-- halo_1rank_kernelNaN
-- tend_x_kernelNaN
-- tend_x_calc_kernelNaN
-- halo_1rank_kernelNaN
-- tend_x_kernelNaN
-- tend_x_calc_kernelNaN
-- halo_1rank_kernelNaN
-- tend_x_kernelNaN
-- tend_x_calc_kernelNaN
-- halo_z_kernelNaN
-- tend_z_kernelNaN
-- tend_z_calc_kernelNaN
-- halo_z_kernelNaN
-- tend_z_kernelNaN
-- tend_z_calc_kernelNaN
-- halo_z_kernelNaN
-- tend_z_kernelNaN
-- tend_z_calc_kernelNaN
XXXXXXXNaN
-- halo_1rank_kernelNaN
-- tend_x_kernelNaN
-- tend_x_calc_kernelNaN
-- halo_1rank_kernelNaN
-- tend_x_kernelNaN
-- tend_x_calc_kernelNaN
-- halo_1rank_kernelNaN
-- tend_x_kernelNaN
-- tend_x_calc_kernelNaN
-- halo_z_kernelNaN
-- tend_z_kernelNaN
-- tend_z_calc_kernelNaN
-- halo_z_kernelNaN
-- tend_z_kernelNaN
-- tend_z_calc_kernelNaN
-- halo_z_kernelNaN
-- tend_z_kernelNaN
-- tend_z_calc_kernelNaN
XXXXXXXNaN
-- halo_1rank_kernelNaN
-- tend_x_kernelNaN
-- tend_x_calc_kernelNaN
-- halo_1rank_kernelNaN
-- tend_x_kernelNaN
-- tend_x_calc_kernelNaN
-- halo_1rank_kernelNaN
-- tend_x_kernelNaN
-- tend_x_calc_kernelNaN
-- halo_z_kernelNaN
-- tend_z_kernelNaN
-- tend_z_calc_kernelNaN
-- halo_z_kernelNaN
-- tend_z_kernelNaN
-- tend_z_calc_kernelNaN
-- halo_z_kernelNaN
-- tend_z_kernelNaN
-- tend_z_calc_kernelNaN
XXXXXXXNaN
-- halo_1rank_kernelNaN
-- tend_x_kernelNaN
-- tend_x_calc_kernelNaN
-- halo_1rank_kernelNaN
-- tend_x_kernelNaN
-- tend_x_calc_kernelNaN
-- halo_1rank_kernelNaN
-- tend_x_kernelNaN
-- tend_x_calc_kernelNaN
-- halo_z_kernelNaN
-- tend_z_kernelNaN
-- tend_z_calc_kernelNaN
-- halo_z_kernelNaN
-- tend_z_kernelNaN
-- tend_z_calc_kernelNaN
-- halo_z_kernelNaN
-- tend_z_kernelNaN
-- tend_z_calc_kernelNaN
XXXXXXXNaN
-- halo_1rank_kernelNaN
-- tend_x_kernelNaN
-- tend_x_calc_kernelNaN
-- halo_1rank_kernelNaN
-- tend_x_kernelNaN
-- tend_x_calc_kernelNaN
-- halo_1rank_kernelNaN
-- tend_x_kernelNaN
-- tend_x_calc_kernelNaN
-- halo_z_kernelNaN
-- tend_z_kernelNaN
-- tend_z_calc_kernelNaN
-- halo_z_kernelNaN
-- tend_z_kernelNaN
-- tend_z_calc_kernelNaN
-- halo_z_kernelNaN
-- tend_z_kernelNaN
-- tend_z_calc_kernelNaN
XXXXXXXNaN
-- halo_1rank_kernelNaN
-- tend_x_kernelNaN
-- tend_x_calc_kernelNaN
-- halo_1rank_kernelNaN
-- tend_x_kernelNaN
-- tend_x_calc_kernelNaN
-- halo_1rank_kernelNaN
-- tend_x_kernelNaN
-- tend_x_calc_kernelNaN
-- halo_z_kernelNaN
-- tend_z_kernelNaN
-- tend_z_calc_kernelNaN
-- halo_z_kernelNaN
-- tend_z_kernelNaN
-- tend_z_calc_kernelNaN
-- halo_z_kernelNaN
-- tend_z_kernelNaN
-- tend_z_calc_kernelNaN
XXXXXXXNaN
-- halo_1rank_kernelNaN
-- tend_x_kernelNaN
-- tend_x_calc_kernelNaN
-- halo_1rank_kernelNaN
-- tend_x_kernelNaN
-- tend_x_calc_kernelNaN
-- halo_1rank_kernelNaN
-- tend_x_kernelNaN
-- tend_x_calc_kernelNaN
-- halo_z_kernelNaN
-- tend_z_kernelNaN
-- tend_z_calc_kernelNaN
-- halo_z_kernelNaN
-- tend_z_kernelNaN
-- tend_z_calc_kernelNaN
-- halo_z_kernelNaN
-- tend_z_kernelNaN
-- tend_z_calc_kernelNaN
XXXXXXXNaN
-- halo_1rank_kernelNaN
-- tend_x_kernelNaN
-- tend_x_calc_kernelNaN
-- halo_1rank_kernelNaN
-- tend_x_kernelNaN
-- tend_x_calc_kernelNaN
-- halo_1rank_kernelNaN
-- tend_x_kernelNaN
-- tend_x_calc_kernelNaN
-- halo_z_kernelNaN
-- tend_z_kernelNaN
-- tend_z_calc_kernelNaN
-- halo_z_kernelNaN
-- tend_z_kernelNaN
-- tend_z_calc_kernelNaN
-- halo_z_kernelNaN
-- tend_z_kernelNaN
-- tend_z_calc_kernelNaN
XXXXXXXNaN
-- halo_1rank_kernelNaN
-- tend_x_kernelNaN
-- tend_x_calc_kernelNaN
-- halo_1rank_kernelNaN
-- tend_x_kernelNaN
-- tend_x_calc_kernelNaN
-- halo_1rank_kernelNaN
-- tend_x_kernelNaN
-- tend_x_calc_kernelNaN
-- halo_z_kernelNaN
-- tend_z_kernelNaN
-- tend_z_calc_kernelNaN
-- halo_z_kernelNaN
-- tend_z_kernelNaN
-- tend_z_calc_kernelNaN
-- halo_z_kernelNaN
-- tend_z_kernelNaN
-- tend_z_calc_kernelNaN
XXXXXXXNaN
-- halo_1rank_kernelNaN
-- tend_x_kernelNaN
-- tend_x_calc_kernelNaN
-- halo_1rank_kernelNaN
-- tend_x_kernelNaN
-- tend_x_calc_kernelNaN
-- halo_1rank_kernelNaN
-- tend_x_kernelNaN
-- tend_x_calc_kernelNaN
-- halo_z_kernelNaN
-- tend_z_kernelNaN
-- tend_z_calc_kernelNaN
-- halo_z_kernelNaN
-- tend_z_kernelNaN
-- tend_z_calc_kernelNaN
-- halo_z_kernelNaN
-- tend_z_kernelNaN
-- tend_z_calc_kernelNaN
XXXXXXXNaN
-- halo_1rank_kernelNaN
-- tend_x_kernelNaN
-- tend_x_calc_kernelNaN
-- halo_1rank_kernelNaN
-- tend_x_kernelNaN
-- tend_x_calc_kernelNaN
-- halo_1rank_kernelNaN
-- tend_x_kernelNaN
-- tend_x_calc_kernelNaN
-- halo_z_kernelNaN
-- tend_z_kernelNaN
-- tend_z_calc_kernelNaN
-- halo_z_kernelNaN
-- tend_z_kernelNaN
-- tend_z_calc_kernelNaN
-- halo_z_kernelNaN
-- tend_z_kernelNaN
-- tend_z_calc_kernelNaN
[90.7% of 100.0]
XXXXXXXNaN
-- halo_1rank_kernelNaN
-- tend_x_kernelNaN
-- tend_x_calc_kernelNaN
-- halo_1rank_kernelNaN
-- tend_x_kernelNaN
-- tend_x_calc_kernelNaN
-- halo_1rank_kernelNaN
-- tend_x_kernelNaN
-- tend_x_calc_kernelNaN
-- halo_z_kernelNaN
-- tend_z_kernelNaN
-- tend_z_calc_kernelNaN
-- halo_z_kernelNaN
-- tend_z_kernelNaN
-- tend_z_calc_kernelNaN
-- halo_z_kernelNaN
-- tend_z_kernelNaN
-- tend_z_calc_kernelNaN
XXXXXXXNaN
-- halo_1rank_kernelNaN
-- tend_x_kernelNaN
-- tend_x_calc_kernelNaN
-- halo_1rank_kernelNaN
-- tend_x_kernelNaN
-- tend_x_calc_kernelNaN
-- halo_1rank_kernelNaN
-- tend_x_kernelNaN
-- tend_x_calc_kernelNaN
-- halo_z_kernelNaN
-- tend_z_kernelNaN
-- tend_z_calc_kernelNaN
-- halo_z_kernelNaN
-- tend_z_kernelNaN
-- tend_z_calc_kernelNaN
-- halo_z_kernelNaN
-- tend_z_kernelNaN
-- tend_z_calc_kernelNaN
XXXXXXXNaN
-- halo_1rank_kernelNaN
-- tend_x_kernelNaN
-- tend_x_calc_kernelNaN
-- halo_1rank_kernelNaN
-- tend_x_kernelNaN
-- tend_x_calc_kernelNaN
-- halo_1rank_kernelNaN
-- tend_x_kernelNaN
-- tend_x_calc_kernelNaN
-- halo_z_kernelNaN
-- tend_z_kernelNaN
-- tend_z_calc_kernelNaN
-- halo_z_kernelNaN
-- tend_z_kernelNaN
-- tend_z_calc_kernelNaN
-- halo_z_kernelNaN
-- tend_z_kernelNaN
-- tend_z_calc_kernelNaN
XXXXXXXNaN
-- halo_1rank_kernelNaN
-- tend_x_kernelNaN
-- tend_x_calc_kernelNaN
-- halo_1rank_kernelNaN
-- tend_x_kernelNaN
-- tend_x_calc_kernelNaN
-- halo_1rank_kernelNaN
-- tend_x_kernelNaN
-- tend_x_calc_kernelNaN
-- halo_z_kernelNaN
-- tend_z_kernelNaN
-- tend_z_calc_kernelNaN
-- halo_z_kernelNaN
-- tend_z_kernelNaN
-- tend_z_calc_kernelNaN
-- halo_z_kernelNaN
-- tend_z_kernelNaN
-- tend_z_calc_kernelNaN
XXXXXXXNaN
-- halo_1rank_kernelNaN
-- tend_x_kernelNaN
-- tend_x_calc_kernelNaN
-- halo_1rank_kernelNaN
-- tend_x_kernelNaN
-- tend_x_calc_kernelNaN
-- halo_1rank_kernelNaN
-- tend_x_kernelNaN
-- tend_x_calc_kernelNaN
-- halo_z_kernelNaN
-- tend_z_kernelNaN
-- tend_z_calc_kernelNaN
-- halo_z_kernelNaN
-- tend_z_kernelNaN
-- tend_z_calc_kernelNaN
-- halo_z_kernelNaN
-- tend_z_kernelNaN
-- tend_z_calc_kernelNaN
XXXXXXXNaN
-- halo_1rank_kernelNaN
-- tend_x_kernelNaN
-- tend_x_calc_kernelNaN
-- halo_1rank_kernelNaN
-- tend_x_kernelNaN
-- tend_x_calc_kernelNaN
-- halo_1rank_kernelNaN
-- tend_x_kernelNaN
-- tend_x_calc_kernelNaN
-- halo_z_kernelNaN
-- tend_z_kernelNaN
-- tend_z_calc_kernelNaN
-- halo_z_kernelNaN
-- tend_z_kernelNaN
-- tend_z_calc_kernelNaN
-- halo_z_kernelNaN
-- tend_z_kernelNaN
-- tend_z_calc_kernelNaN
XXXXXXXNaN
-- halo_1rank_kernelNaN
-- tend_x_kernelNaN
-- tend_x_calc_kernelNaN
-- halo_1rank_kernelNaN
-- tend_x_kernelNaN
-- tend_x_calc_kernelNaN
-- halo_1rank_kernelNaN
-- tend_x_kernelNaN
-- tend_x_calc_kernelNaN
-- halo_z_kernelNaN
-- tend_z_kernelNaN
-- tend_z_calc_kernelNaN
-- halo_z_kernelNaN
-- tend_z_kernelNaN
-- tend_z_calc_kernelNaN
-- halo_z_kernelNaN
-- tend_z_kernelNaN
-- tend_z_calc_kernelNaN
XXXXXXXNaN
-- halo_1rank_kernelNaN
-- tend_x_kernelNaN
-- tend_x_calc_kernelNaN
-- halo_1rank_kernelNaN
-- tend_x_kernelNaN
-- tend_x_calc_kernelNaN
-- halo_1rank_kernelNaN
-- tend_x_kernelNaN
-- tend_x_calc_kernelNaN
-- halo_z_kernelNaN
-- tend_z_kernelNaN
-- tend_z_calc_kernelNaN
-- halo_z_kernelNaN
-- tend_z_kernelNaN
-- tend_z_calc_kernelNaN
-- halo_z_kernelNaN
-- tend_z_kernelNaN
-- tend_z_calc_kernelNaN
XXXXXXXNaN
-- halo_1rank_kernelNaN
-- tend_x_kernelNaN
-- tend_x_calc_kernelNaN
-- halo_1rank_kernelNaN
-- tend_x_kernelNaN
-- tend_x_calc_kernelNaN
-- halo_1rank_kernelNaN
-- tend_x_kernelNaN
-- tend_x_calc_kernelNaN
-- halo_z_kernelNaN
-- tend_z_kernelNaN
-- tend_z_calc_kernelNaN
-- halo_z_kernelNaN
-- tend_z_kernelNaN
-- tend_z_calc_kernelNaN
-- halo_z_kernelNaN
-- tend_z_kernelNaN
-- tend_z_calc_kernelNaN
XXXXXXXNaN
-- halo_1rank_kernelNaN
-- tend_x_kernelNaN
-- tend_x_calc_kernelNaN
-- halo_1rank_kernelNaN
-- tend_x_kernelNaN
-- tend_x_calc_kernelNaN
-- halo_1rank_kernelNaN
-- tend_x_kernelNaN
-- tend_x_calc_kernelNaN
-- halo_z_kernelNaN
-- tend_z_kernelNaN
-- tend_z_calc_kernelNaN
-- halo_z_kernelNaN
-- tend_z_kernelNaN
-- tend_z_calc_kernelNaN
-- halo_z_kernelNaN
-- tend_z_kernelNaN
-- tend_z_calc_kernelNaN
XXXXXXXNaN
-- halo_1rank_kernelNaN
-- tend_x_kernelNaN
-- tend_x_calc_kernelNaN
-- halo_1rank_kernelNaN
-- tend_x_kernelNaN
-- tend_x_calc_kernelNaN
-- halo_1rank_kernelNaN
-- tend_x_kernelNaN
-- tend_x_calc_kernelNaN
-- halo_z_kernelNaN
-- tend_z_kernelNaN
-- tend_z_calc_kernelNaN
-- halo_z_kernelNaN
-- tend_z_kernelNaN
-- tend_z_calc_kernelNaN
-- halo_z_kernelNaN
-- tend_z_kernelNaN
-- tend_z_calc_kernelNaN
XXXXXXXNaN
-- halo_1rank_kernelNaN
-- tend_x_kernelNaN
-- tend_x_calc_kernelNaN
-- halo_1rank_kernelNaN
-- tend_x_kernelNaN
-- tend_x_calc_kernelNaN
-- halo_1rank_kernelNaN
-- tend_x_kernelNaN
-- tend_x_calc_kernelNaN
-- halo_z_kernelNaN
-- tend_z_kernelNaN
-- tend_z_calc_kernelNaN
-- halo_z_kernelNaN
-- tend_z_kernelNaN
-- tend_z_calc_kernelNaN
-- halo_z_kernelNaN
-- tend_z_kernelNaN
-- tend_z_calc_kernelNaN
XXXXXXXNaN
-- halo_1rank_kernelNaN
-- tend_x_kernelNaN
-- tend_x_calc_kernelNaN
-- halo_1rank_kernelNaN
-- tend_x_kernelNaN
-- tend_x_calc_kernelNaN
-- halo_1rank_kernelNaN
-- tend_x_kernelNaN
-- tend_x_calc_kernelNaN
-- halo_z_kernelNaN
-- tend_z_kernelNaN
-- tend_z_calc_kernelNaN
-- halo_z_kernelNaN
-- tend_z_kernelNaN
-- tend_z_calc_kernelNaN
-- halo_z_kernelNaN
-- tend_z_kernelNaN
-- tend_z_calc_kernelNaN
XXXXXXXNaN
-- halo_1rank_kernelNaN
-- tend_x_kernelNaN
-- tend_x_calc_kernelNaN
-- halo_1rank_kernelNaN
-- tend_x_kernelNaN
-- tend_x_calc_kernelNaN
-- halo_1rank_kernelNaN
-- tend_x_kernelNaN
-- tend_x_calc_kernelNaN
-- halo_z_kernelNaN
-- tend_z_kernelNaN
-- tend_z_calc_kernelNaN
-- halo_z_kernelNaN
-- tend_z_kernelNaN
-- tend_z_calc_kernelNaN
-- halo_z_kernelNaN
-- tend_z_kernelNaN
-- tend_z_calc_kernelNaN
CPU Time: 40.627130309
d_mass: NaN
d_te  : NaN
[0m[1m [22m
[0m[1m                    [22m         Time                    Allocations      
                       
  Tot / % measured:      62.0s /  63.2%           8.66GiB /  82.0%    

 Section    ncalls     time    %tot     avg     alloc    %tot      avg
 
 timestep      150    39.2s  100.0%   261ms   7.10GiB  100.0%  48.5MiB
   tend_z      450    11.6s   29.7%  25.9ms   2.67GiB   37.5%  6.07MiB
   tend_x      450    10.8s   27.5%  23.9ms   3.13GiB   44.0%  7.12MiB
   update      900    5.68s   14.5%  6.31ms   1.16GiB   16.3%  1.32MiB
   halo_x      450    5.58s   14.2%  12.4ms   67.9MiB    0.9%   155KiB
   halo_z      450    5.52s   14.1%  12.3ms   85.9MiB    1.2%   196KiB
[0m[1m [22m
